#
# A fatal error has been detected by the Java Runtime Environment:
#
#  EXCEPTION_UNCAUGHT_CXX_EXCEPTION (0xe06d7363) at pc=0x00007ffcacf53e49, pid=12816, tid=0x0000000000003298
#
# JRE version: Java(TM) SE Runtime Environment (8.0_251-b08) (build 1.8.0_251-b08)
# Java VM: Java HotSpot(TM) 64-Bit Server VM (25.251-b08 mixed mode windows-amd64 compressed oops)
# Problematic frame:
# C  [KERNELBASE.dll+0x23e49]
#
# Failed to write core dump. Minidumps are not enabled by default on client versions of Windows
#
# If you would like to submit a bug report, please visit:
#   http://bugreport.java.com/bugreport/crash.jsp
# The crash happened outside the Java Virtual Machine in native code.
# See problematic frame for where to report the bug.
#

---------------  T H R E A D  ---------------

Current thread (0x000000001d8b0800):  JavaThread "Thread-5" [_thread_in_native, id=12952, stack(0x000000002b6b0000,0x000000002b7b0000)]

siginfo: ExceptionCode=0xe06d7363, ExceptionInformation=0x0000000019930520 0x000000002b79edd0 0x00007ffc4d56cd78 0x00007ffc4d320000 

Registers:
RAX=0x0000000000000000, RBX=0x00007ffc4d56cd78, RCX=0x0000000000000000, RDX=0x0000000000000000
RSP=0x000000002b79ec40, RBP=0x000000002b79ed80, RSI=0x00007ffc4d4fd5f8, RDI=0x000000002b79edd0
R8 =0x0000000000000000, R9 =0x0000000000000000, R10=0x0000000000000000, R11=0x0000000000000000
R12=0x00000000ffffffe5, R13=0x0000000000000000, R14=0x00007ffc4d4fd520, R15=0x000000002b7aef78
RIP=0x00007ffcacf53e49, EFLAGS=0x0000000000000206

Top of Stack: (sp=0x000000002b79ec40)
0x000000002b79ec40:   0000000000000000 00007ffc4d56cd78
0x000000002b79ec50:   00007ffc4d4fd5f8 0000000000000000
0x000000002b79ec60:   00000001e06d7363 0000000000000000
0x000000002b79ec70:   00007ffcacf53e49 0000000000000004
0x000000002b79ec80:   0000000019930520 000000002b79edd0
0x000000002b79ec90:   00007ffc4d56cd78 00007ffc4d320000
0x000000002b79eca0:   0000000000000000 00000000ffffffe5
0x000000002b79ecb0:   00007ffc4d4fd5f8 000000002b79ed80
0x000000002b79ecc0:   000000002b79ed90 00007ffcaf5d66af
0x000000002b79ecd0:   000000002b79edd0 00007ffc00000000
0x000000002b79ece0:   000000002b79edd0 00007ffc5436d306
0x000000002b79ecf0:   00007ffc4d58f000 00007ffc4d320000
0x000000002b79ed00:   000034bccc06a40d 00007ffc543ec4d0
0x000000002b79ed10:   00007ffc4d56cd78 00007ffc5436ef63
0x000000002b79ed20:   000000002b79edd0 00007ffc5433eb8d
0x000000002b79ed30:   00007ffc543ec4d0 00007ffc4d4fd5f8 

Instructions: (pc=0x00007ffcacf53e49)
0x00007ffcacf53e29:   8b d1 44 0f 47 c0 44 89 44 24 38 49 c1 e0 03 e8
0x00007ffcacf53e39:   fa c3 06 00 48 8d 4c 24 20 48 ff 15 0f ab 19 00
0x00007ffcacf53e49:   0f 1f 44 00 00 48 8b 8c 24 c0 00 00 00 48 33 cc
0x00007ffcacf53e59:   e8 e2 8b 06 00 48 81 c4 d8 00 00 00 c3 cc 83 64 


Register to memory mapping:

RAX=0x0000000000000000 is an unknown value
RBX=0x00007ffc4d56cd78 is an unknown value
RCX=0x0000000000000000 is an unknown value
RDX=0x0000000000000000 is an unknown value
RSP=0x000000002b79ec40 is pointing into the stack for thread: 0x000000001d8b0800
RBP=0x000000002b79ed80 is pointing into the stack for thread: 0x000000001d8b0800
RSI=0x00007ffc4d4fd5f8 is an unknown value
RDI=0x000000002b79edd0 is pointing into the stack for thread: 0x000000001d8b0800
R8 =0x0000000000000000 is an unknown value
R9 =0x0000000000000000 is an unknown value
R10=0x0000000000000000 is an unknown value
R11=0x0000000000000000 is an unknown value
R12=0x00000000ffffffe5 is an unallocated location in the heap
R13=0x0000000000000000 is an unknown value
R14=0x00007ffc4d4fd520 is an unknown value
R15=0x000000002b7aef78 is pointing into the stack for thread: 0x000000001d8b0800


Stack: [0x000000002b6b0000,0x000000002b7b0000],  sp=0x000000002b79ec40,  free space=955k
Native frames: (J=compiled Java code, j=interpreted, Vv=VM code, C=native code)
C  [KERNELBASE.dll+0x23e49]
C  [msvcr120.dll+0x5ef63]
C  [opencv_core320.dll+0x1a2c34]
C  [opencv_core320.dll+0x1a2d76]
C  [opencv_core320.dll+0x5ac08]
C  [jniopencv_core.dll+0xb644b]
C  0x0000000003168c67

Java frames: (J=compiled Java code, j=interpreted, Vv=VM code)
j  org.bytedeco.javacpp.opencv_core.cvClearMemStorage(Lorg/bytedeco/javacpp/opencv_core$CvMemStorage;)V+0
j  application.FaceDetector.run()V+243
j  java.lang.Thread.run()V+11
v  ~StubRoutines::call_stub

---------------  P R O C E S S  ---------------

Java Threads: ( => current thread )
=>0x000000001d8b0800 JavaThread "Thread-5" [_thread_in_native, id=12952, stack(0x000000002b6b0000,0x000000002b7b0000)]
  0x000000001de55800 JavaThread "Prism Font Disposer" daemon [_thread_blocked, id=3760, stack(0x0000000021380000,0x0000000021480000)]
  0x000000001d7bc000 JavaThread "AWT-Windows" daemon [_thread_in_native, id=12436, stack(0x000000001e6f0000,0x000000001e7f0000)]
  0x000000001d51e000 JavaThread "Java2D Disposer" daemon [_thread_blocked, id=2088, stack(0x000000001e080000,0x000000001e180000)]
  0x000000001d2fd000 JavaThread "JavaCPP Deallocator" daemon [_thread_blocked, id=5768, stack(0x000000001e1b0000,0x000000001e2b0000)]
  0x000000001a151000 JavaThread "Thread-3" daemon [_thread_in_native, id=12760, stack(0x000000001ccb0000,0x000000001cdb0000)]
  0x000000001a15a000 JavaThread "JavaFX-Launcher" [_thread_blocked, id=5668, stack(0x000000001cdb0000,0x000000001ceb0000)]
  0x00000000199c2000 JavaThread "JavaFX Application Thread" [_thread_in_native, id=6820, stack(0x000000001a9d0000,0x000000001aad0000)]
  0x00000000199be800 JavaThread "Thread-1" daemon [_thread_blocked, id=5140, stack(0x000000001a8d0000,0x000000001a9d0000)]
  0x0000000019974800 JavaThread "QuantumRenderer-0" daemon [_thread_blocked, id=6364, stack(0x0000000019d30000,0x0000000019e30000)]
  0x00000000195f8800 JavaThread "Service Thread" daemon [_thread_blocked, id=7100, stack(0x00000000199d0000,0x0000000019ad0000)]
  0x0000000017c94000 JavaThread "C1 CompilerThread2" daemon [_thread_blocked, id=7464, stack(0x00000000194d0000,0x00000000195d0000)]
  0x0000000017c8e800 JavaThread "C2 CompilerThread1" daemon [_thread_blocked, id=3988, stack(0x00000000193d0000,0x00000000194d0000)]
  0x0000000017c88800 JavaThread "C2 CompilerThread0" daemon [_thread_blocked, id=4904, stack(0x00000000192d0000,0x00000000193d0000)]
  0x0000000017c86800 JavaThread "Attach Listener" daemon [_thread_blocked, id=8696, stack(0x00000000191d0000,0x00000000192d0000)]
  0x0000000017c85800 JavaThread "Signal Dispatcher" daemon [_thread_blocked, id=12504, stack(0x00000000190d0000,0x00000000191d0000)]
  0x0000000017c70000 JavaThread "Finalizer" daemon [_thread_blocked, id=5544, stack(0x0000000018ed0000,0x0000000018fd0000)]
  0x0000000017c49000 JavaThread "Reference Handler" daemon [_thread_blocked, id=13208, stack(0x0000000018dd0000,0x0000000018ed0000)]
  0x0000000003058000 JavaThread "main" [_thread_blocked, id=9420, stack(0x0000000002eb0000,0x0000000002fb0000)]

Other Threads:
  0x0000000017c47800 VMThread [stack: 0x0000000018cd0000,0x0000000018dd0000] [id=6636]
  0x0000000017cde000 WatcherThread [stack: 0x0000000019ad0000,0x0000000019bd0000] [id=1868]

VM state:not at safepoint (normal execution)

VM Mutex/Monitor currently owned by a thread: None

heap address: 0x0000000081c00000, size: 2020 MB, Compressed Oops mode: 32-bit
Narrow klass base: 0x0000000000000000, Narrow klass shift: 3
Compressed class space size: 1073741824 Address: 0x0000000100000000

Heap:
 PSYoungGen      total 61440K, used 15869K [0x00000000d5f00000, 0x00000000db600000, 0x0000000100000000)
  eden space 56320K, 19% used [0x00000000d5f00000,0x00000000d6987058,0x00000000d9600000)
  from space 5120K, 99% used [0x00000000da000000,0x00000000da4f8480,0x00000000da500000)
  to   space 16384K, 0% used [0x00000000da600000,0x00000000da600000,0x00000000db600000)
 ParOldGen       total 109568K, used 40005K [0x0000000081c00000, 0x0000000088700000, 0x00000000d5f00000)
  object space 109568K, 36% used [0x0000000081c00000,0x00000000843115b0,0x0000000088700000)
 Metaspace       used 27060K, capacity 28094K, committed 28288K, reserved 1073152K
  class space    used 3628K, capacity 3858K, committed 3968K, reserved 1048576K

Card table byte_map: [0x0000000012510000,0x0000000012910000] byte_map_base: 0x0000000012102000

Marking Bits: (ParMarkBitMap*) 0x00000000741eaf90
 Begin Bits: [0x0000000012fc0000, 0x0000000014f50000)
 End Bits:   [0x0000000014f50000, 0x0000000016ee0000)

Polling page: 0x00000000013c0000

CodeCache: size=245760Kb used=10984Kb max_used=10995Kb free=234775Kb
 bounds [0x0000000003150000, 0x0000000003c20000, 0x0000000012150000]
 total_blobs=4197 nmethods=3286 adapters=823
 compilation: enabled

Compilation events (10 events):
Event: 10.746 Thread 0x0000000017c94000 3283       1       sun.java2d.loops.GraphicsPrimitive::getUniqueID (5 bytes)
Event: 10.746 Thread 0x0000000017c94000 nmethod 3283 0x0000000003c01d50 code [0x0000000003c01ea0, 0x0000000003c01fb0]
Event: 10.746 Thread 0x0000000017c94000 3284       3       sun.java2d.loops.GraphicsPrimitiveMgr$1::compare (39 bytes)
Event: 10.747 Thread 0x0000000017c94000 nmethod 3284 0x0000000003c09210 code [0x0000000003c09380, 0x0000000003c09890]
Event: 10.748 Thread 0x0000000017c94000 3285       3       sun.java2d.loops.GraphicsPrimitiveMgr$2::compare (39 bytes)
Event: 10.748 Thread 0x0000000017c94000 nmethod 3285 0x0000000003c08ad0 code [0x0000000003c08c40, 0x0000000003c090d0]
Event: 10.748 Thread 0x0000000017c94000 3286       1       sun.java2d.loops.CompositeType::getSuperType (5 bytes)
Event: 10.748 Thread 0x0000000017c94000 nmethod 3286 0x0000000003c01a90 code [0x0000000003c01be0, 0x0000000003c01cf0]
Event: 10.748 Thread 0x0000000017c94000 3287       3       java.util.Arrays::binarySearch0 (95 bytes)
Event: 10.749 Thread 0x0000000017c94000 nmethod 3287 0x0000000003c082d0 code [0x0000000003c08460, 0x0000000003c08898]

GC Heap History (10 events):
Event: 3.122 GC heap before
{Heap before GC invocations=2 (full 0):
 PSYoungGen      total 38400K, used 37898K [0x00000000d5f00000, 0x00000000d8980000, 0x0000000100000000)
  eden space 33280K, 100% used [0x00000000d5f00000,0x00000000d7f80000,0x00000000d7f80000)
  from space 5120K, 90% used [0x00000000d7f80000,0x00000000d8402b60,0x00000000d8480000)
  to   space 5120K, 0% used [0x00000000d8480000,0x00000000d8480000,0x00000000d8980000)
 ParOldGen       total 87552K, used 19258K [0x0000000081c00000, 0x0000000087180000, 0x00000000d5f00000)
  object space 87552K, 21% used [0x0000000081c00000,0x0000000082ece810,0x0000000087180000)
 Metaspace       used 19092K, capacity 19750K, committed 19968K, reserved 1067008K
  class space    used 2578K, capacity 2778K, committed 2816K, reserved 1048576K
Event: 3.131 GC heap after
Heap after GC invocations=2 (full 0):
 PSYoungGen      total 38400K, used 5097K [0x00000000d5f00000, 0x00000000d8980000, 0x0000000100000000)
  eden space 33280K, 0% used [0x00000000d5f00000,0x00000000d5f00000,0x00000000d7f80000)
  from space 5120K, 99% used [0x00000000d8480000,0x00000000d897a658,0x00000000d8980000)
  to   space 5120K, 0% used [0x00000000d7f80000,0x00000000d7f80000,0x00000000d8480000)
 ParOldGen       total 87552K, used 22166K [0x0000000081c00000, 0x0000000087180000, 0x00000000d5f00000)
  object space 87552K, 25% used [0x0000000081c00000,0x00000000831a5950,0x0000000087180000)
 Metaspace       used 19092K, capacity 19750K, committed 19968K, reserved 1067008K
  class space    used 2578K, capacity 2778K, committed 2816K, reserved 1048576K
}
Event: 3.493 GC heap before
{Heap before GC invocations=3 (full 0):
 PSYoungGen      total 38400K, used 20898K [0x00000000d5f00000, 0x00000000d8980000, 0x0000000100000000)
  eden space 33280K, 47% used [0x00000000d5f00000,0x00000000d6e6e3d0,0x00000000d7f80000)
  from space 5120K, 99% used [0x00000000d8480000,0x00000000d897a658,0x00000000d8980000)
  to   space 5120K, 0% used [0x00000000d7f80000,0x00000000d7f80000,0x00000000d8480000)
 ParOldGen       total 87552K, used 22166K [0x0000000081c00000, 0x0000000087180000, 0x00000000d5f00000)
  object space 87552K, 25% used [0x0000000081c00000,0x00000000831a5950,0x0000000087180000)
 Metaspace       used 20341K, capacity 21186K, committed 21248K, reserved 1067008K
  class space    used 2821K, capacity 3034K, committed 3072K, reserved 1048576K
Event: 3.506 GC heap after
Heap after GC invocations=3 (full 0):
 PSYoungGen      total 38400K, used 5114K [0x00000000d5f00000, 0x00000000daa00000, 0x0000000100000000)
  eden space 33280K, 0% used [0x00000000d5f00000,0x00000000d5f00000,0x00000000d7f80000)
  from space 5120K, 99% used [0x00000000d7f80000,0x00000000d847e950,0x00000000d8480000)
  to   space 5120K, 0% used [0x00000000da500000,0x00000000da500000,0x00000000daa00000)
 ParOldGen       total 87552K, used 33335K [0x0000000081c00000, 0x0000000087180000, 0x00000000d5f00000)
  object space 87552K, 38% used [0x0000000081c00000,0x0000000083c8dc30,0x0000000087180000)
 Metaspace       used 20341K, capacity 21186K, committed 21248K, reserved 1067008K
  class space    used 2821K, capacity 3034K, committed 3072K, reserved 1048576K
}
Event: 3.506 GC heap before
{Heap before GC invocations=4 (full 1):
 PSYoungGen      total 38400K, used 5114K [0x00000000d5f00000, 0x00000000daa00000, 0x0000000100000000)
  eden space 33280K, 0% used [0x00000000d5f00000,0x00000000d5f00000,0x00000000d7f80000)
  from space 5120K, 99% used [0x00000000d7f80000,0x00000000d847e950,0x00000000d8480000)
  to   space 5120K, 0% used [0x00000000da500000,0x00000000da500000,0x00000000daa00000)
 ParOldGen       total 87552K, used 33335K [0x0000000081c00000, 0x0000000087180000, 0x00000000d5f00000)
  object space 87552K, 38% used [0x0000000081c00000,0x0000000083c8dc30,0x0000000087180000)
 Metaspace       used 20341K, capacity 21186K, committed 21248K, reserved 1067008K
  class space    used 2821K, capacity 3034K, committed 3072K, reserved 1048576K
Event: 3.590 GC heap after
Heap after GC invocations=4 (full 1):
 PSYoungGen      total 38400K, used 0K [0x00000000d5f00000, 0x00000000daa00000, 0x0000000100000000)
  eden space 33280K, 0% used [0x00000000d5f00000,0x00000000d5f00000,0x00000000d7f80000)
  from space 5120K, 0% used [0x00000000d7f80000,0x00000000d7f80000,0x00000000d8480000)
  to   space 5120K, 0% used [0x00000000da500000,0x00000000da500000,0x00000000daa00000)
 ParOldGen       total 109568K, used 38266K [0x0000000081c00000, 0x0000000088700000, 0x00000000d5f00000)
  object space 109568K, 34% used [0x0000000081c00000,0x000000008415ea78,0x0000000088700000)
 Metaspace       used 20341K, capacity 21186K, committed 21248K, reserved 1067008K
  class space    used 2821K, capacity 3034K, committed 3072K, reserved 1048576K
}
Event: 7.278 GC heap before
{Heap before GC invocations=5 (full 1):
 PSYoungGen      total 38400K, used 33280K [0x00000000d5f00000, 0x00000000daa00000, 0x0000000100000000)
  eden space 33280K, 100% used [0x00000000d5f00000,0x00000000d7f80000,0x00000000d7f80000)
  from space 5120K, 0% used [0x00000000d7f80000,0x00000000d7f80000,0x00000000d8480000)
  to   space 5120K, 0% used [0x00000000da500000,0x00000000da500000,0x00000000daa00000)
 ParOldGen       total 109568K, used 38266K [0x0000000081c00000, 0x0000000088700000, 0x00000000d5f00000)
  object space 109568K, 34% used [0x0000000081c00000,0x000000008415ea78,0x0000000088700000)
 Metaspace       used 23319K, capacity 24318K, committed 24576K, reserved 1071104K
  class space    used 3276K, capacity 3522K, committed 3584K, reserved 1048576K
Event: 7.285 GC heap after
Heap after GC invocations=5 (full 1):
 PSYoungGen      total 49152K, used 5115K [0x00000000d5f00000, 0x00000000daa00000, 0x0000000100000000)
  eden space 44032K, 0% used [0x00000000d5f00000,0x00000000d5f00000,0x00000000d8a00000)
  from space 5120K, 99% used [0x00000000da500000,0x00000000da9fef40,0x00000000daa00000)
  to   space 5120K, 0% used [0x00000000da000000,0x00000000da000000,0x00000000da500000)
 ParOldGen       total 109568K, used 38377K [0x0000000081c00000, 0x0000000088700000, 0x00000000d5f00000)
  object space 109568K, 35% used [0x0000000081c00000,0x000000008417a740,0x0000000088700000)
 Metaspace       used 23319K, capacity 24318K, committed 24576K, reserved 1071104K
  class space    used 3276K, capacity 3522K, committed 3584K, reserved 1048576K
}
Event: 9.426 GC heap before
{Heap before GC invocations=6 (full 1):
 PSYoungGen      total 49152K, used 49147K [0x00000000d5f00000, 0x00000000daa00000, 0x0000000100000000)
  eden space 44032K, 100% used [0x00000000d5f00000,0x00000000d8a00000,0x00000000d8a00000)
  from space 5120K, 99% used [0x00000000da500000,0x00000000da9fef40,0x00000000daa00000)
  to   space 5120K, 0% used [0x00000000da000000,0x00000000da000000,0x00000000da500000)
 ParOldGen       total 109568K, used 38377K [0x0000000081c00000, 0x0000000088700000, 0x00000000d5f00000)
  object space 109568K, 35% used [0x0000000081c00000,0x000000008417a740,0x0000000088700000)
 Metaspace       used 26553K, capacity 27612K, committed 27648K, reserved 1073152K
  class space    used 3586K, capacity 3825K, committed 3840K, reserved 1048576K
Event: 9.437 GC heap after
Heap after GC invocations=6 (full 1):
 PSYoungGen      total 61440K, used 5089K [0x00000000d5f00000, 0x00000000db600000, 0x0000000100000000)
  eden space 56320K, 0% used [0x00000000d5f00000,0x00000000d5f00000,0x00000000d9600000)
  from space 5120K, 99% used [0x00000000da000000,0x00000000da4f8480,0x00000000da500000)
  to   space 16384K, 0% used [0x00000000da600000,0x00000000da600000,0x00000000db600000)
 ParOldGen       total 109568K, used 40005K [0x0000000081c00000, 0x0000000088700000, 0x00000000d5f00000)
  object space 109568K, 36% used [0x0000000081c00000,0x00000000843115b0,0x0000000088700000)
 Metaspace       used 26553K, capacity 27612K, committed 27648K, reserved 1073152K
  class space    used 3586K, capacity 3825K, committed 3840K, reserved 1048576K
}

Deoptimization events (10 events):
Event: 7.507 Thread 0x00000000199c2000 Uncommon trap: reason=predicate action=maybe_recompile pc=0x00000000039d1f3c method=java.lang.String.regionMatches(ZILjava/lang/String;II)Z @ 63
Event: 8.618 Thread 0x00000000199c2000 Uncommon trap: reason=unstable_if action=reinterpret pc=0x00000000039d5548 method=java.util.zip.InflaterInputStream.read([BII)I @ 69
Event: 8.631 Thread 0x00000000199c2000 Uncommon trap: reason=unstable_if action=reinterpret pc=0x000000000339173c method=java.lang.AbstractStringBuilder.append(Ljava/lang/String;)Ljava/lang/AbstractStringBuilder; @ 1
Event: 8.800 Thread 0x00000000199c2000 Uncommon trap: reason=unstable_if action=reinterpret pc=0x00000000037409fc method=java.lang.String.trim()Ljava/lang/String; @ 44
Event: 8.802 Thread 0x00000000199c2000 Uncommon trap: reason=unstable_if action=reinterpret pc=0x0000000003620b3c method=java.lang.CharacterDataLatin1.isWhitespace(I)Z @ 14
Event: 8.922 Thread 0x00000000199c2000 Uncommon trap: reason=unstable_if action=reinterpret pc=0x0000000003a0dfec method=java.net.URI.match(CJJ)Z @ 45
Event: 8.922 Thread 0x00000000199c2000 Uncommon trap: reason=unstable_if action=reinterpret pc=0x0000000003478d08 method=java.net.URI.match(CJJ)Z @ 19
Event: 9.154 Thread 0x00000000199c2000 Uncommon trap: reason=array_check action=maybe_recompile pc=0x00000000038a9788 method=com.sun.javafx.css.SimpleSelector.applies(Ljavafx/css/Styleable;[Ljava/util/Set;I)Z @ 37
Event: 9.340 Thread 0x0000000019974800 Uncommon trap: reason=unstable_if action=reinterpret pc=0x000000000399a744 method=com.sun.javafx.geom.RectBounds.isEmpty()Z @ 21
Event: 9.353 Thread 0x00000000199c2000 Uncommon trap: reason=unstable_if action=reinterpret pc=0x0000000003758804 method=com.sun.javafx.css.BitSet.add(Ljava/lang/Object;)Z @ 91

Classes redefined (0 events):
No events

Internal exceptions (10 events):
Event: 8.648 Thread 0x00000000199c2000 Exception <a 'java/security/PrivilegedActionException'> (0x00000000d7c2a050) thrown at [C:\jenkins\workspace\8-2-build-windows-amd64-cygwin\jdk8u251\737\hotspot\src\share\vm\prims\jvm.cpp, line 1502]
Event: 8.648 Thread 0x00000000199c2000 Exception <a 'java/security/PrivilegedActionException'> (0x00000000d7c2a630) thrown at [C:\jenkins\workspace\8-2-build-windows-amd64-cygwin\jdk8u251\737\hotspot\src\share\vm\prims\jvm.cpp, line 1502]
Event: 8.663 Thread 0x00000000199c2000 Exception <a 'java/security/PrivilegedActionException'> (0x00000000d7c955d0) thrown at [C:\jenkins\workspace\8-2-build-windows-amd64-cygwin\jdk8u251\737\hotspot\src\share\vm\prims\jvm.cpp, line 1502]
Event: 8.663 Thread 0x00000000199c2000 Exception <a 'java/security/PrivilegedActionException'> (0x00000000d7c95bb0) thrown at [C:\jenkins\workspace\8-2-build-windows-amd64-cygwin\jdk8u251\737\hotspot\src\share\vm\prims\jvm.cpp, line 1502]
Event: 8.665 Thread 0x00000000199c2000 Exception <a 'java/security/PrivilegedActionException'> (0x00000000d7caead8) thrown at [C:\jenkins\workspace\8-2-build-windows-amd64-cygwin\jdk8u251\737\hotspot\src\share\vm\prims\jvm.cpp, line 1502]
Event: 8.665 Thread 0x00000000199c2000 Exception <a 'java/security/PrivilegedActionException'> (0x00000000d7caf0b8) thrown at [C:\jenkins\workspace\8-2-build-windows-amd64-cygwin\jdk8u251\737\hotspot\src\share\vm\prims\jvm.cpp, line 1502]
Event: 8.667 Thread 0x00000000199c2000 Exception <a 'java/security/PrivilegedActionException'> (0x00000000d7ddb948) thrown at [C:\jenkins\workspace\8-2-build-windows-amd64-cygwin\jdk8u251\737\hotspot\src\share\vm\prims\jvm.cpp, line 1502]
Event: 8.667 Thread 0x00000000199c2000 Exception <a 'java/security/PrivilegedActionException'> (0x00000000d7ddbf28) thrown at [C:\jenkins\workspace\8-2-build-windows-amd64-cygwin\jdk8u251\737\hotspot\src\share\vm\prims\jvm.cpp, line 1502]
Event: 8.669 Thread 0x00000000199c2000 Exception <a 'java/security/PrivilegedActionException'> (0x00000000d7df58f8) thrown at [C:\jenkins\workspace\8-2-build-windows-amd64-cygwin\jdk8u251\737\hotspot\src\share\vm\prims\jvm.cpp, line 1502]
Event: 8.669 Thread 0x00000000199c2000 Exception <a 'java/security/PrivilegedActionException'> (0x00000000d7df5ed8) thrown at [C:\jenkins\workspace\8-2-build-windows-amd64-cygwin\jdk8u251\737\hotspot\src\share\vm\prims\jvm.cpp, line 1502]

Events (10 events):
Event: 10.741 loading class sun/java2d/loops/GraphicsPrimitiveProxy
Event: 10.741 loading class sun/java2d/loops/GraphicsPrimitiveProxy done
Event: 10.741 loading class sun/java2d/loops/GeneralRenderer
Event: 10.742 loading class sun/java2d/loops/GeneralRenderer done
Event: 10.745 loading class sun/java2d/loops/GraphicsPrimitiveMgr$1
Event: 10.745 loading class sun/java2d/loops/GraphicsPrimitiveMgr$1 done
Event: 10.745 loading class sun/java2d/loops/GraphicsPrimitiveMgr$2
Event: 10.746 loading class sun/java2d/loops/GraphicsPrimitiveMgr$2 done
Event: 10.746 loading class sun/java2d/loops/GraphicsPrimitiveMgr$PrimitiveSpec
Event: 10.746 loading class sun/java2d/loops/GraphicsPrimitiveMgr$PrimitiveSpec done


Dynamic libraries:
0x00007ff79a7a0000 - 0x00007ff79a7d7000 	C:\Program Files\Java\jre1.8.0_251\bin\javaw.exe
0x00007ffcaf5b0000 - 0x00007ffcaf7a4000 	C:\Windows\SYSTEM32\ntdll.dll
0x00007ffcaf250000 - 0x00007ffcaf30d000 	C:\Windows\System32\KERNEL32.DLL
0x00007ffcacf30000 - 0x00007ffcad1f7000 	C:\Windows\System32\KERNELBASE.dll
0x00007ffcaf1a0000 - 0x00007ffcaf24a000 	C:\Windows\System32\ADVAPI32.dll
0x00007ffcae380000 - 0x00007ffcae41e000 	C:\Windows\System32\msvcrt.dll
0x00007ffcaf3a0000 - 0x00007ffcaf43b000 	C:\Windows\System32\sechost.dll
0x00007ffcaf440000 - 0x00007ffcaf563000 	C:\Windows\System32\RPCRT4.dll
0x00007ffcae620000 - 0x00007ffcae7c0000 	C:\Windows\System32\USER32.dll
0x00007ffcacd00000 - 0x00007ffcacd22000 	C:\Windows\System32\win32u.dll
0x00007ffcaf310000 - 0x00007ffcaf33a000 	C:\Windows\System32\GDI32.dll
0x00007ffcad230000 - 0x00007ffcad33a000 	C:\Windows\System32\gdi32full.dll
0x00007ffcace90000 - 0x00007ffcacf2d000 	C:\Windows\System32\msvcp_win.dll
0x00007ffcacd30000 - 0x00007ffcace30000 	C:\Windows\System32\ucrtbase.dll
0x00007ffc93660000 - 0x00007ffc938fa000 	C:\Windows\WinSxS\amd64_microsoft.windows.common-controls_6595b64144ccf1df_6.0.19041.1_none_b555e41d4684ddec\COMCTL32.dll
0x00007ffcaef00000 - 0x00007ffcaef30000 	C:\Windows\System32\IMM32.DLL
0x00007ffcac770000 - 0x00007ffcac7a1000 	C:\Windows\system32\nvinitx.dll
0x00007ffcac760000 - 0x00007ffcac76a000 	C:\Windows\SYSTEM32\VERSION.dll
0x0000000073080000 - 0x0000000073152000 	C:\Program Files\Java\jre1.8.0_251\bin\msvcr100.dll
0x00000000739c0000 - 0x000000007426b000 	C:\Program Files\Java\jre1.8.0_251\bin\server\jvm.dll
0x00007ffcae370000 - 0x00007ffcae378000 	C:\Windows\System32\PSAPI.DLL
0x00007ffca1780000 - 0x00007ffca17a7000 	C:\Windows\SYSTEM32\WINMM.dll
0x00007ffca6110000 - 0x00007ffca6119000 	C:\Windows\SYSTEM32\WSOCK32.dll
0x00007ffcaee90000 - 0x00007ffcaeefb000 	C:\Windows\System32\WS2_32.dll
0x00007ffca4f40000 - 0x00007ffca4f4f000 	C:\Program Files\Java\jre1.8.0_251\bin\verify.dll
0x00007ffc61d00000 - 0x00007ffc61d29000 	C:\Program Files\Java\jre1.8.0_251\bin\java.dll
0x00007ffc76b70000 - 0x00007ffc76b86000 	C:\Program Files\Java\jre1.8.0_251\bin\zip.dll
0x00007ffcadc30000 - 0x00007ffcae365000 	C:\Windows\System32\SHELL32.dll
0x00007ffcaae40000 - 0x00007ffcab5cf000 	C:\Windows\SYSTEM32\windows.storage.dll
0x00007ffcad760000 - 0x00007ffcadab3000 	C:\Windows\System32\combase.dll
0x00007ffcac6c0000 - 0x00007ffcac6eb000 	C:\Windows\SYSTEM32\Wldp.dll
0x00007ffcae4f0000 - 0x00007ffcae59e000 	C:\Windows\System32\SHCORE.dll
0x00007ffcadb40000 - 0x00007ffcadb95000 	C:\Windows\System32\shlwapi.dll
0x00007ffcacc40000 - 0x00007ffcacc5f000 	C:\Windows\SYSTEM32\profapi.dll
0x0000000002e10000 - 0x0000000002e13000 	C:\Program Files\Java\jre1.8.0_251\bin\api-ms-win-core-console-l1-1-0.dll
0x0000000002e20000 - 0x0000000002e23000 	C:\Program Files\Java\jre1.8.0_251\bin\api-ms-win-core-datetime-l1-1-0.dll
0x0000000002e30000 - 0x0000000002e33000 	C:\Program Files\Java\jre1.8.0_251\bin\api-ms-win-core-debug-l1-1-0.dll
0x0000000002e40000 - 0x0000000002e43000 	C:\Program Files\Java\jre1.8.0_251\bin\api-ms-win-core-errorhandling-l1-1-0.dll
0x0000000002e50000 - 0x0000000002e54000 	C:\Program Files\Java\jre1.8.0_251\bin\api-ms-win-core-file-l1-1-0.dll
0x0000000002e60000 - 0x0000000002e63000 	C:\Program Files\Java\jre1.8.0_251\bin\api-ms-win-core-file-l1-2-0.dll
0x0000000002e70000 - 0x0000000002e73000 	C:\Program Files\Java\jre1.8.0_251\bin\api-ms-win-core-file-l2-1-0.dll
0x0000000002e80000 - 0x0000000002e83000 	C:\Program Files\Java\jre1.8.0_251\bin\api-ms-win-core-handle-l1-1-0.dll
0x0000000002e90000 - 0x0000000002e93000 	C:\Program Files\Java\jre1.8.0_251\bin\api-ms-win-core-heap-l1-1-0.dll
0x0000000002fb0000 - 0x0000000002fb3000 	C:\Program Files\Java\jre1.8.0_251\bin\api-ms-win-core-interlocked-l1-1-0.dll
0x0000000002fc0000 - 0x0000000002fc3000 	C:\Program Files\Java\jre1.8.0_251\bin\api-ms-win-core-libraryloader-l1-1-0.dll
0x0000000002fd0000 - 0x0000000002fd3000 	C:\Program Files\Java\jre1.8.0_251\bin\api-ms-win-core-localization-l1-2-0.dll
0x0000000002fe0000 - 0x0000000002fe3000 	C:\Program Files\Java\jre1.8.0_251\bin\api-ms-win-core-memory-l1-1-0.dll
0x0000000002ff0000 - 0x0000000002ff3000 	C:\Program Files\Java\jre1.8.0_251\bin\api-ms-win-core-namedpipe-l1-1-0.dll
0x0000000003000000 - 0x0000000003003000 	C:\Program Files\Java\jre1.8.0_251\bin\api-ms-win-core-processenvironment-l1-1-0.dll
0x0000000003010000 - 0x0000000003013000 	C:\Program Files\Java\jre1.8.0_251\bin\api-ms-win-core-processthreads-l1-1-0.dll
0x0000000003020000 - 0x0000000003023000 	C:\Program Files\Java\jre1.8.0_251\bin\api-ms-win-core-processthreads-l1-1-1.dll
0x0000000003030000 - 0x0000000003033000 	C:\Program Files\Java\jre1.8.0_251\bin\api-ms-win-core-profile-l1-1-0.dll
0x0000000019bd0000 - 0x0000000019bd3000 	C:\Program Files\Java\jre1.8.0_251\bin\api-ms-win-core-rtlsupport-l1-1-0.dll
0x0000000019be0000 - 0x0000000019be3000 	C:\Program Files\Java\jre1.8.0_251\bin\api-ms-win-core-string-l1-1-0.dll
0x0000000019bf0000 - 0x0000000019bf3000 	C:\Program Files\Java\jre1.8.0_251\bin\api-ms-win-core-synch-l1-1-0.dll
0x0000000019c00000 - 0x0000000019c03000 	C:\Program Files\Java\jre1.8.0_251\bin\api-ms-win-core-synch-l1-2-0.dll
0x0000000019c10000 - 0x0000000019c13000 	C:\Program Files\Java\jre1.8.0_251\bin\api-ms-win-core-sysinfo-l1-1-0.dll
0x0000000019c20000 - 0x0000000019c23000 	C:\Program Files\Java\jre1.8.0_251\bin\api-ms-win-core-timezone-l1-1-0.dll
0x0000000019c30000 - 0x0000000019c33000 	C:\Program Files\Java\jre1.8.0_251\bin\api-ms-win-core-util-l1-1-0.dll
0x0000000019c40000 - 0x0000000019c43000 	C:\Program Files\Java\jre1.8.0_251\bin\api-ms-win-crt-conio-l1-1-0.dll
0x0000000019c50000 - 0x0000000019c54000 	C:\Program Files\Java\jre1.8.0_251\bin\api-ms-win-crt-convert-l1-1-0.dll
0x0000000019c60000 - 0x0000000019c63000 	C:\Program Files\Java\jre1.8.0_251\bin\api-ms-win-crt-environment-l1-1-0.dll
0x0000000019c70000 - 0x0000000019c73000 	C:\Program Files\Java\jre1.8.0_251\bin\api-ms-win-crt-filesystem-l1-1-0.dll
0x0000000019c80000 - 0x0000000019c83000 	C:\Program Files\Java\jre1.8.0_251\bin\api-ms-win-crt-heap-l1-1-0.dll
0x0000000019c90000 - 0x0000000019c93000 	C:\Program Files\Java\jre1.8.0_251\bin\api-ms-win-crt-locale-l1-1-0.dll
0x0000000019ca0000 - 0x0000000019ca5000 	C:\Program Files\Java\jre1.8.0_251\bin\api-ms-win-crt-math-l1-1-0.dll
0x0000000019cb0000 - 0x0000000019cb5000 	C:\Program Files\Java\jre1.8.0_251\bin\api-ms-win-crt-multibyte-l1-1-0.dll
0x0000000019cc0000 - 0x0000000019cd0000 	C:\Program Files\Java\jre1.8.0_251\bin\api-ms-win-crt-private-l1-1-0.dll
0x0000000019cd0000 - 0x0000000019cd3000 	C:\Program Files\Java\jre1.8.0_251\bin\api-ms-win-crt-process-l1-1-0.dll
0x0000000019ce0000 - 0x0000000019ce4000 	C:\Program Files\Java\jre1.8.0_251\bin\api-ms-win-crt-runtime-l1-1-0.dll
0x0000000019cf0000 - 0x0000000019cf4000 	C:\Program Files\Java\jre1.8.0_251\bin\api-ms-win-crt-stdio-l1-1-0.dll
0x0000000019d00000 - 0x0000000019d04000 	C:\Program Files\Java\jre1.8.0_251\bin\api-ms-win-crt-string-l1-1-0.dll
0x0000000019d10000 - 0x0000000019d13000 	C:\Program Files\Java\jre1.8.0_251\bin\api-ms-win-crt-time-l1-1-0.dll
0x0000000019d20000 - 0x0000000019d23000 	C:\Program Files\Java\jre1.8.0_251\bin\api-ms-win-crt-utility-l1-1-0.dll
0x00007ffc71610000 - 0x00007ffc7170c000 	C:\Program Files\Java\jre1.8.0_251\bin\ucrtbase.dll
0x00007ffc92100000 - 0x00007ffc92115000 	C:\Program Files\Java\jre1.8.0_251\bin\vcruntime140.dll
0x00007ffc71570000 - 0x00007ffc7160b000 	C:\Program Files\Java\jre1.8.0_251\bin\msvcp140.dll
0x00007ffc71510000 - 0x00007ffc71561000 	C:\Program Files\Java\jre1.8.0_251\bin\concrt140.dll
0x00007ffc920d0000 - 0x00007ffc920f3000 	C:\Program Files\Java\jre1.8.0_251\bin\prism_d3d.dll
0x00007ffc7b410000 - 0x00007ffc7b5dd000 	C:\Windows\system32\d3d9.dll
0x00007ffcaae20000 - 0x00007ffcaae33000 	C:\Windows\SYSTEM32\kernel.appcore.dll
0x00007ffcaa880000 - 0x00007ffcaa8ae000 	C:\Windows\SYSTEM32\dwmapi.dll
0x00007ffcaa690000 - 0x00007ffcaa72f000 	C:\Windows\system32\uxtheme.dll
0x00007ffc7a7f0000 - 0x00007ffc7b410000 	C:\Windows\SYSTEM32\igdumd64.dll
0x00007ffc714c0000 - 0x00007ffc71505000 	C:\Program Files\Java\jre1.8.0_251\bin\glass.dll
0x00007ffcad620000 - 0x00007ffcad6fa000 	C:\Windows\System32\COMDLG32.dll
0x00007ffcae8e0000 - 0x00007ffcaea09000 	C:\Windows\System32\ole32.dll
0x00007ffcae420000 - 0x00007ffcae4ed000 	C:\Windows\System32\OLEAUT32.dll
0x00007ffcae7c0000 - 0x00007ffcae8d5000 	C:\Windows\System32\MSCTF.dll
0x00007ffcad340000 - 0x00007ffcad3bf000 	C:\Windows\System32\bcryptPrimitives.dll
0x00007ffc54310000 - 0x00007ffc543ff000 	C:\Users\QUANGNHATDEPTRAI\.javacpp\cache\opencv-3.2.0-1.3-windows-x86_64.jar\org\bytedeco\javacpp\windows-x86_64\msvcr120.dll
0x00007ffc54260000 - 0x00007ffc54306000 	C:\Users\QUANGNHATDEPTRAI\.javacpp\cache\opencv-3.2.0-1.3-windows-x86_64.jar\org\bytedeco\javacpp\windows-x86_64\msvcp120.dll
0x00007ffc4d320000 - 0x00007ffc4d5a8000 	C:\Users\QUANGNHATDEPTRAI\.javacpp\cache\opencv-3.2.0-1.3-windows-x86_64.jar\org\bytedeco\javacpp\windows-x86_64\opencv_core320.dll
0x00007ffc4cfb0000 - 0x00007ffc4d312000 	C:\Users\QUANGNHATDEPTRAI\.javacpp\cache\opencv-3.2.0-1.3-windows-x86_64.jar\org\bytedeco\javacpp\windows-x86_64\opencv_imgproc320.dll
0x00007ffc4cd60000 - 0x00007ffc4cfaa000 	C:\Users\QUANGNHATDEPTRAI\.javacpp\cache\opencv-3.2.0-1.3-windows-x86_64.jar\org\bytedeco\javacpp\windows-x86_64\jniopencv_core.dll
0x00007ffc78280000 - 0x00007ffc7829a000 	C:\Program Files\Java\jre1.8.0_251\bin\net.dll
0x00007ffcac3e0000 - 0x00007ffcac44a000 	C:\Windows\system32\mswsock.dll
0x00007ffc78260000 - 0x00007ffc78272000 	C:\Program Files\Java\jre1.8.0_251\bin\nio.dll
0x00007ffc4cbc0000 - 0x00007ffc4cd5a000 	C:\Program Files\Java\jre1.8.0_251\bin\awt.dll
0x00007ffcaa540000 - 0x00007ffcaa5d0000 	C:\Windows\SYSTEM32\apphelp.dll
0x00007ffc76e90000 - 0x00007ffc76ea4000 	C:\Program Files\Java\jre1.8.0_251\bin\javafx_font.dll
0x00007ffca8610000 - 0x00007ffca888e000 	C:\Windows\SYSTEM32\dwrite.dll
0x00007ffcaf0f0000 - 0x00007ffcaf198000 	C:\Windows\System32\clbcatq.dll
0x00007ffc8f680000 - 0x00007ffc8f834000 	C:\Windows\SYSTEM32\WindowsCodecs.dll
0x00007ffcad200000 - 0x00007ffcad227000 	C:\Windows\System32\bcrypt.dll
0x00007ffc91370000 - 0x00007ffc913ae000 	C:\Windows\system32\dataexchange.dll
0x00007ffca99d0000 - 0x00007ffca9bb5000 	C:\Windows\system32\dcomp.dll
0x00007ffca9760000 - 0x00007ffca99c3000 	C:\Windows\system32\d3d11.dll
0x00007ffcab630000 - 0x00007ffcab723000 	C:\Windows\system32\dxgi.dll
0x00007ffca7730000 - 0x00007ffca7937000 	C:\Windows\system32\twinapi.appcore.dll
0x00007ffc71480000 - 0x00007ffc714b4000 	C:\Program Files\Common Files\Microsoft Shared\Ink\rtscom.dll
0x00007ffca6770000 - 0x00007ffca686c000 	C:\Windows\SYSTEM32\textinputframework.dll
0x00007ffca9f40000 - 0x00007ffcaa29a000 	C:\Windows\System32\CoreUIComponents.dll
0x00007ffcaa2d0000 - 0x00007ffcaa3c2000 	C:\Windows\System32\CoreMessaging.dll
0x00007ffcaba20000 - 0x00007ffcaba53000 	C:\Windows\SYSTEM32\ntmarta.dll
0x00007ffca8ba0000 - 0x00007ffca8cf6000 	C:\Windows\SYSTEM32\wintypes.dll
0x00007ffc68190000 - 0x00007ffc681bc000 	C:\Program Files\Java\jre1.8.0_251\bin\javafx_iio.dll
0x00007ffc76e70000 - 0x00007ffc76e81000 	C:\Program Files\Java\jre1.8.0_251\bin\prism_common.dll
0x00007ffca91a0000 - 0x00007ffca9760000 	C:\Windows\SYSTEM32\d2d1.dll
0x00007ffc8ced0000 - 0x00007ffc8d5c6000 	C:\Windows\SYSTEM32\D3D10Warp.dll
0x00007ffc8e260000 - 0x00007ffc8e29b000 	C:\Windows\SYSTEM32\dxcore.dll
0x00007ffcad5d0000 - 0x00007ffcad61d000 	C:\Windows\System32\cfgmgr32.dll
0x00007ffc54170000 - 0x00007ffc54260000 	C:\Users\QUANGNHATDEPTRAI\.javacpp\cache\opencv-3.2.0-1.3-windows-x86_64.jar\org\bytedeco\javacpp\windows-x86_64\jniopencv_imgproc.dll
0x00007ffc4c8f0000 - 0x00007ffc4cbba000 	C:\Users\QUANGNHATDEPTRAI\.javacpp\cache\opencv-3.2.0-1.3-windows-x86_64.jar\org\bytedeco\javacpp\windows-x86_64\opencv_imgcodecs320.dll
0x00007ffc67a80000 - 0x00007ffc67aa5000 	C:\Users\QUANGNHATDEPTRAI\.javacpp\cache\opencv-3.2.0-1.3-windows-x86_64.jar\org\bytedeco\javacpp\windows-x86_64\jniopencv_imgcodecs.dll
0x00007ffc654b0000 - 0x00007ffc654fe000 	C:\Users\QUANGNHATDEPTRAI\.javacpp\cache\opencv-3.2.0-1.3-windows-x86_64.jar\org\bytedeco\javacpp\windows-x86_64\opencv_videoio320.dll
0x00007ffc65490000 - 0x00007ffc654a9000 	C:\Windows\SYSTEM32\AVICAP32.dll
0x00007ffc54140000 - 0x00007ffc54161000 	C:\Windows\SYSTEM32\AVIFIL32.dll

VM Arguments:
jvm_args: -Djava.library.path=C:\Users\Administrator\Desktop\opencv\build\java\x64 -Dfile.encoding=Cp1252 
java_command: application.Main
java_class_path (initial): C:\Users\QUANGNHATDEPTRAI\Desktop\ExoVisix-master\ExoVisix-master\target\classes;C:\Users\QUANGNHATDEPTRAI\.p2\pool\plugins\org.eclipse.fx.ide.css.jfx8_3.0.0.201705220750.jar;C:\Users\QUANGNHATDEPTRAI\Desktop\ExoVisix-master\ExoVisix-master\bin\opencv-341.jar;C:\Users\QUANGNHATDEPTRAI\.m2\repository\org\bytedeco\javacv-platform\1.3.2\javacv-platform-1.3.2.jar;C:\Users\QUANGNHATDEPTRAI\.m2\repository\org\bytedeco\javacv\1.3.2\javacv-1.3.2.jar;C:\Users\QUANGNHATDEPTRAI\.m2\repository\org\bytedeco\javacpp\1.3.2\javacpp-1.3.2.jar;C:\Users\QUANGNHATDEPTRAI\.m2\repository\org\bytedeco\javacpp-presets\opencv\3.2.0-1.3\opencv-3.2.0-1.3.jar;C:\Users\QUANGNHATDEPTRAI\.m2\repository\org\bytedeco\javacpp-presets\ffmpeg\3.2.1-1.3\ffmpeg-3.2.1-1.3.jar;C:\Users\QUANGNHATDEPTRAI\.m2\repository\org\bytedeco\javacpp-presets\flycapture\2.9.3.43-1.3\flycapture-2.9.3.43-1.3.jar;C:\Users\QUANGNHATDEPTRAI\.m2\repository\org\bytedeco\javacpp-presets\libdc1394\2.2.4-1.3\libdc1394-2.2.4-1.3.jar;C:\Users\QUANGNHATDEPTRAI\.m2\repository\org\bytedeco\javacpp-presets\libfreenect\0.5.3-1.3\libfreenect-0.5.3-1.3.jar;C:\Users\QUANGNHATDEPTRAI\.m2\repository\org\bytedeco\javacpp-presets\libfreenect2\0.2.0-1.3\libfreenect2-0.2.0-1.3.jar;C:\Users\QUANGNHATDEPTRAI\.m2\repository\org\bytedeco\javacpp-presets\librealsense\1.9.6-1.3\librealsense-1.9.6-1.3.jar;C:\Users\QUANGNHATDEPTRAI\.m2\repository\org\bytedeco\javacpp-presets\videoinput\0.200-1.3\videoinput-0.200-1.3.jar;C:\Users\QUANGNHATDEPTRAI\.m2\repository\org\bytedeco\javacpp-presets\artoolkitplus\2.3.1-1.3\artoolkitplus-2.3.1-1.3.jar;C:\Users\QUANGNHATDEPTRAI\.m2\repository\org\bytedeco\javacpp-presets\flandmark\1.07-1.3\flandmark-1.07-1.3.jar;C:\Users\QUANGNHATDEPTRAI\.m2\repository\org\bytedeco\javacpp-presets\opencv-platform\3.2.0-1.3\opencv-platform-3.2.0-1.3.jar;C:\Users\QUANGNHATDEPTRAI\.m2\repository\org\bytedeco\javacpp-presets\opencv\3.2.0-1.3\opencv-3.2.0-1.3-android-arm.jar;C:\Users\QUANGNHATDEPTRAI\.m2\rep
Launcher Type: SUN_STANDARD

Environment Variables:
PATH=C:/Program Files/Java/jre1.8.0_251/bin/server;C:/Program Files/Java/jre1.8.0_251/bin;C:/Program Files/Java/jre1.8.0_251/lib/amd64;C:\Program Files (x86)\Common Files\Oracle\Java\javapath;C:\Windows\system32;C:\Windows;C:\Windows\System32\Wbem;C:\Windows\System32\WindowsPowerShell\v1.0\;C:\Windows\System32\OpenSSH\;C:\Program Files\Git\cmd;C:\Program Files\Microsoft SQL Server\Client SDK\ODBC\110\Tools\Binn\;C:\Program Files (x86)\Microsoft SQL Server\120\Tools\Binn\;C:\Program Files\Microsoft SQL Server\120\Tools\Binn\;C:\Program Files\Microsoft SQL Server\120\DTS\Binn\;C:\Program Files (x86)\Microsoft SQL Server\120\Tools\Binn\ManagementStudio\;C:\Program Files (x86)\Microsoft SQL Server\120\DTS\Binn\;C:\Program Files\Microsoft SQL Server\130\Tools\Binn\;C:\Program Files\Microsoft SQL Server\Client SDK\ODBC\170\Tools\Binn\;C:\Program Files\dotnet\;C:\Users\QUANGNHATDEPTRAI\AppData\Local\Microsoft\WindowsApps;C:\Program Files\JetBrains\JetBrains Rider 2020.1.3\bin;;C:\Users\QUANGNHATDEPTRAI\AppData\Local\GitHubDesktop\bin;C:\Users\QUANGNHATDEPTRAI\.dotnet\tools;C:\Users\QUANGNHATDEPTRAI\Desktop;
USERNAME=QUANGNHATDEPTRAI
OS=Windows_NT
PROCESSOR_IDENTIFIER=Intel64 Family 6 Model 42 Stepping 7, GenuineIntel



---------------  S Y S T E M  ---------------

OS: Windows 10.0 , 64 bit Build 19041 (10.0.19041.292)

CPU:total 4 (initial active 4) (2 cores per cpu, 2 threads per core) family 6 model 42 stepping 7, cmov, cx8, fxsr, mmx, sse, sse2, sse3, ssse3, sse4.1, sse4.2, popcnt, avx, aes, clmul, ht, tsc, tscinvbit

Memory: 4k page, physical 8266764k(3255384k free), swap 10626060k(4325148k free)

vm_info: Java HotSpot(TM) 64-Bit Server VM (25.251-b08) for windows-amd64 JRE (1.8.0_251-b08), built on Mar 12 2020 06:31:49 by "" with MS VC++ 10.0 (VS2010)

time: Sun Jul 19 13:26:11 2020
timezone: SE Asia Standard Time
elapsed time: 10 seconds (0d 0h 0m 10s)

