#
# A fatal error has been detected by the Java Runtime Environment:
#
#  EXCEPTION_ACCESS_VIOLATION (0xc0000005) at pc=0x00007ffe7b595e16, pid=1596, tid=0x00000000000004b8
#
# JRE version: Java(TM) SE Runtime Environment (8.0_251-b08) (build 1.8.0_251-b08)
# Java VM: Java HotSpot(TM) 64-Bit Server VM (25.251-b08 mixed mode windows-amd64 compressed oops)
# Problematic frame:
# C  [ntdll.dll+0x45e16]
#
# Failed to write core dump. Minidumps are not enabled by default on client versions of Windows
#
# If you would like to submit a bug report, please visit:
#   http://bugreport.java.com/bugreport/crash.jsp
# The crash happened outside the Java Virtual Machine in native code.
# See problematic frame for where to report the bug.
#

---------------  T H R E A D  ---------------

Current thread (0x000000001cde9000):  JavaThread "Thread-5" [_thread_in_native, id=1208, stack(0x000000002a4e0000,0x000000002a5e0000)]

siginfo: ExceptionCode=0xc0000005, writing address 0x0000000000000024

Registers:
RAX=0x0000000000000000, RBX=0x000000002a6041d8, RCX=0x000000002a6041d8, RDX=0x00000000fffffffa
RSP=0x000000002a5dea90, RBP=0x0000000000000000, RSI=0x0000000000000000, RDI=0x0000000000000000
R8 =0x0000000000000000, R9 =0x000000002a604100, R10=0x0000000000000000, R11=0x0000000000000246
R12=0x0000000000000000, R13=0x0000000000820000, R14=0x0000000000000001, R15=0x0000000000000000
RIP=0x00007ffe7b595e16, EFLAGS=0x0000000000010213

Top of Stack: (sp=0x000000002a5dea90)
0x000000002a5dea90:   ffffffffffffffff 000000002a6041d8
0x000000002a5deaa0:   000000002af42000 000000002a600000
0x000000002a5deab0:   0000000000ba0000 00000000030b4e80
0x000000002a5deac0:   0000000029a29d00 0000000000ba0000
0x000000002a5dead0:   0000000027e82900 00000000fffffffa
0x000000002a5deae0:   0000000000820000 fffffffffffffffe
0x000000002a5deaf0:   0000000000ba0000 000000002a28fa00
0x000000002a5deb00:   000000000097f800 00007ffe7b56102a
0x000000002a5deb10:   0000000000ba0000 000000002a5deb79
0x000000002a5deb20:   0000840ada295e3d 000000002af42000
0x000000002a5deb30:   000000001cde9000 0000000000000001
0x000000002a5deb40:   0000000000000001 0000000000000001
0x000000002a5deb50:   0000000000000000 000000002a6041d8
0x000000002a5deb60:   0000000000000000 00007ffe7b5715b4
0x000000002a5deb70:   00005a04937edf1a 00000000831c03e0
0x000000002a5deb80:   00000000fffffffa ffffffffff676980 

Instructions: (pc=0x00007ffe7b595e16)
0x00007ffe7b595df6:   48 39 73 18 0f 84 d2 00 00 00 48 8b 03 48 83 f8
0x00007ffe7b595e06:   ff 0f 84 d2 00 00 00 44 8b fe 48 83 f8 ff 74 03
0x00007ffe7b595e16:   ff 40 24 4c 8b 73 18 4c 8d 2d d4 d6 11 00 bd 22
0x00007ffe7b595e26:   17 00 00 e8 92 ff fc ff 85 c0 0f 85 0e 08 07 00 


Register to memory mapping:

RAX=0x0000000000000000 is an unknown value
RBX=0x000000002a6041d8 is an unknown value
RCX=0x000000002a6041d8 is an unknown value
RDX=0x00000000fffffffa is an unallocated location in the heap
RSP=0x000000002a5dea90 is pointing into the stack for thread: 0x000000001cde9000
RBP=0x0000000000000000 is an unknown value
RSI=0x0000000000000000 is an unknown value
RDI=0x0000000000000000 is an unknown value
R8 =0x0000000000000000 is an unknown value
R9 =0x000000002a604100 is an unknown value
R10=0x0000000000000000 is an unknown value
R11=0x0000000000000246 is an unknown value
R12=0x0000000000000000 is an unknown value
R13=0x0000000000820000 is an unknown value
R14=0x0000000000000001 is an unknown value
R15=0x0000000000000000 is an unknown value


Stack: [0x000000002a4e0000,0x000000002a5e0000],  sp=0x000000002a5dea90,  free space=1018k
Native frames: (J=compiled Java code, j=interpreted, Vv=VM code, C=native code)

Java frames: (J=compiled Java code, j=interpreted, Vv=VM code)
j  org.bytedeco.javacpp.opencv_videoio$VideoCapture.retrieve(Lorg/bytedeco/javacpp/opencv_core$Mat;)Z+0
j  org.bytedeco.javacv.OpenCVFrameGrabber.grab()Lorg/bytedeco/javacv/Frame;+8
j  application.FaceDetector.run()V+888
j  java.lang.Thread.run()V+11
v  ~StubRoutines::call_stub

---------------  P R O C E S S  ---------------

Java Threads: ( => current thread )
  0x000000001903a800 JavaThread "Thread-7" [_thread_in_native, id=3144, stack(0x000000002f2b0000,0x000000002f3b0000)]
  0x0000000019036000 JavaThread "Java2D Disposer" daemon [_thread_blocked, id=10184, stack(0x000000002c4e0000,0x000000002c5e0000)]
=>0x000000001cde9000 JavaThread "Thread-5" [_thread_in_native, id=1208, stack(0x000000002a4e0000,0x000000002a5e0000)]
  0x000000001d089000 JavaThread "JavaCPP Deallocator" daemon [_thread_blocked, id=6904, stack(0x00000000293b0000,0x00000000294b0000)]
  0x000000001d83f000 JavaThread "Prism Font Disposer" daemon [_thread_blocked, id=10560, stack(0x000000001ee60000,0x000000001ef60000)]
  0x00000000197bf800 JavaThread "Thread-3" daemon [_thread_in_native, id=10104, stack(0x000000001c6b0000,0x000000001c7b0000)]
  0x000000001976a000 JavaThread "JavaFX-Launcher" [_thread_blocked, id=7384, stack(0x000000001c7b0000,0x000000001c8b0000)]
  0x0000000019756800 JavaThread "JavaFX Application Thread" [_thread_in_native, id=3800, stack(0x000000001a390000,0x000000001a490000)]
  0x0000000019733000 JavaThread "Thread-1" daemon [_thread_blocked, id=9368, stack(0x000000001a290000,0x000000001a390000)]
  0x00000000193bb000 JavaThread "QuantumRenderer-0" daemon [_thread_blocked, id=8960, stack(0x0000000019f20000,0x000000001a020000)]
  0x0000000019008800 JavaThread "Service Thread" daemon [_thread_blocked, id=6984, stack(0x00000000193e0000,0x00000000194e0000)]
  0x0000000017686800 JavaThread "C1 CompilerThread2" daemon [_thread_blocked, id=4308, stack(0x0000000018ee0000,0x0000000018fe0000)]
  0x0000000017681000 JavaThread "C2 CompilerThread1" daemon [_thread_blocked, id=1636, stack(0x0000000018de0000,0x0000000018ee0000)]
  0x0000000017675800 JavaThread "C2 CompilerThread0" daemon [_thread_blocked, id=9512, stack(0x0000000018ce0000,0x0000000018de0000)]
  0x0000000017674000 JavaThread "Attach Listener" daemon [_thread_blocked, id=2028, stack(0x0000000018be0000,0x0000000018ce0000)]
  0x0000000017672800 JavaThread "Signal Dispatcher" daemon [_thread_blocked, id=9400, stack(0x0000000018ae0000,0x0000000018be0000)]
  0x0000000017660000 JavaThread "Finalizer" daemon [_thread_blocked, id=6420, stack(0x00000000188e0000,0x00000000189e0000)]
  0x0000000002b38000 JavaThread "Reference Handler" daemon [_thread_blocked, id=4732, stack(0x00000000187e0000,0x00000000188e0000)]
  0x0000000002a48000 JavaThread "main" [_thread_blocked, id=6864, stack(0x0000000002940000,0x0000000002a40000)]

Other Threads:
  0x0000000017638000 VMThread [stack: 0x00000000186e0000,0x00000000187e0000] [id=2068]
  0x0000000019045800 WatcherThread [stack: 0x00000000194e0000,0x00000000195e0000] [id=8828]

VM state:not at safepoint (normal execution)

VM Mutex/Monitor currently owned by a thread: None

heap address: 0x0000000081c00000, size: 2020 MB, Compressed Oops mode: 32-bit
Narrow klass base: 0x0000000000000000, Narrow klass shift: 3
Compressed class space size: 1073741824 Address: 0x0000000100000000

Heap:
 PSYoungGen      total 99328K, used 53198K [0x00000000d5f00000, 0x00000000dd700000, 0x0000000100000000)
  eden space 85504K, 52% used [0x00000000d5f00000,0x00000000d8ac2b38,0x00000000db280000)
  from space 13824K, 60% used [0x00000000dc000000,0x00000000dc8310a0,0x00000000dcd80000)
  to   space 13824K, 0% used [0x00000000db280000,0x00000000db280000,0x00000000dc000000)
 ParOldGen       total 86016K, used 32526K [0x0000000081c00000, 0x0000000087000000, 0x00000000d5f00000)
  object space 86016K, 37% used [0x0000000081c00000,0x0000000083bc3a10,0x0000000087000000)
 Metaspace       used 26789K, capacity 27814K, committed 28160K, reserved 1073152K
  class space    used 3557K, capacity 3776K, committed 3840K, reserved 1048576K

Card table byte_map: [0x0000000011f00000,0x0000000012300000] byte_map_base: 0x0000000011af2000

Marking Bits: (ParMarkBitMap*) 0x000000007746af90
 Begin Bits: [0x00000000129b0000, 0x0000000014940000)
 End Bits:   [0x0000000014940000, 0x00000000168d0000)

Polling page: 0x0000000000b90000

CodeCache: size=245760Kb used=10671Kb max_used=10684Kb free=235088Kb
 bounds [0x0000000002b40000, 0x00000000035c0000, 0x0000000011b40000]
 total_blobs=4250 nmethods=3330 adapters=832
 compilation: enabled

Compilation events (10 events):
Event: 10.554 Thread 0x0000000017686800 nmethod 3661 0x00000000035b6650 code [0x00000000035b6ae0, 0x00000000035b8a28]
Event: 10.554 Thread 0x0000000017686800 3662       3       com.sun.prism.d3d.D3DGraphics::getPaintShaderTransform (17 bytes)
Event: 10.555 Thread 0x0000000017686800 nmethod 3662 0x0000000002cb7510 code [0x0000000002cb76c0, 0x0000000002cb79b8]
Event: 10.555 Thread 0x0000000017686800 3663       3       com.sun.prism.impl.ps.BaseShaderGraphics::getPaintShaderTransform (9 bytes)
Event: 10.555 Thread 0x0000000017686800 nmethod 3663 0x0000000002dfbe10 code [0x0000000002dfbf80, 0x0000000002dfc1c8]
Event: 10.558 Thread 0x0000000017686800 3665       3       com.sun.javafx.geom.BoxBounds::deriveWithNewBounds (95 bytes)
Event: 10.559 Thread 0x0000000017686800 nmethod 3665 0x0000000002dfaed0 code [0x0000000002dfb0e0, 0x0000000002dfbb78]
Event: 10.564 Thread 0x0000000017686800 3666       3       java.util.AbstractList::equals (117 bytes)
Event: 10.564 Thread 0x0000000017686800 nmethod 3666 0x0000000002df3f50 code [0x0000000002df4180, 0x0000000002df4e88]
Event: 10.565 Thread 0x0000000017675800 nmethod 3664 0x00000000035bbd10 code [0x00000000035bbee0, 0x00000000035bc610]

GC Heap History (10 events):
Event: 4.596 GC heap before
{Heap before GC invocations=3 (full 0):
 PSYoungGen      total 38400K, used 13143K [0x00000000d5f00000, 0x00000000d8980000, 0x0000000100000000)
  eden space 33280K, 24% used [0x00000000d5f00000,0x00000000d66da878,0x00000000d7f80000)
  from space 5120K, 99% used [0x00000000d8480000,0x00000000d897b640,0x00000000d8980000)
  to   space 5120K, 0% used [0x00000000d7f80000,0x00000000d7f80000,0x00000000d8480000)
 ParOldGen       total 87552K, used 27207K [0x0000000081c00000, 0x0000000087180000, 0x00000000d5f00000)
  object space 87552K, 31% used [0x0000000081c00000,0x0000000083691fe0,0x0000000087180000)
 Metaspace       used 20074K, capacity 21132K, committed 21296K, reserved 1067008K
  class space    used 2947K, capacity 3183K, committed 3200K, reserved 1048576K
Event: 4.604 GC heap after
Heap after GC invocations=3 (full 0):
 PSYoungGen      total 38400K, used 5098K [0x00000000d5f00000, 0x00000000daa00000, 0x0000000100000000)
  eden space 33280K, 0% used [0x00000000d5f00000,0x00000000d5f00000,0x00000000d7f80000)
  from space 5120K, 99% used [0x00000000d7f80000,0x00000000d847abb0,0x00000000d8480000)
  to   space 5120K, 0% used [0x00000000da500000,0x00000000da500000,0x00000000daa00000)
 ParOldGen       total 87552K, used 28249K [0x0000000081c00000, 0x0000000087180000, 0x00000000d5f00000)
  object space 87552K, 32% used [0x0000000081c00000,0x0000000083796468,0x0000000087180000)
 Metaspace       used 20074K, capacity 21132K, committed 21296K, reserved 1067008K
  class space    used 2947K, capacity 3183K, committed 3200K, reserved 1048576K
}
Event: 4.604 GC heap before
{Heap before GC invocations=4 (full 1):
 PSYoungGen      total 38400K, used 5098K [0x00000000d5f00000, 0x00000000daa00000, 0x0000000100000000)
  eden space 33280K, 0% used [0x00000000d5f00000,0x00000000d5f00000,0x00000000d7f80000)
  from space 5120K, 99% used [0x00000000d7f80000,0x00000000d847abb0,0x00000000d8480000)
  to   space 5120K, 0% used [0x00000000da500000,0x00000000da500000,0x00000000daa00000)
 ParOldGen       total 87552K, used 28249K [0x0000000081c00000, 0x0000000087180000, 0x00000000d5f00000)
  object space 87552K, 32% used [0x0000000081c00000,0x0000000083796468,0x0000000087180000)
 Metaspace       used 20074K, capacity 21132K, committed 21296K, reserved 1067008K
  class space    used 2947K, capacity 3183K, committed 3200K, reserved 1048576K
Event: 4.644 GC heap after
Heap after GC invocations=4 (full 1):
 PSYoungGen      total 38400K, used 0K [0x00000000d5f00000, 0x00000000daa00000, 0x0000000100000000)
  eden space 33280K, 0% used [0x00000000d5f00000,0x00000000d5f00000,0x00000000d7f80000)
  from space 5120K, 0% used [0x00000000d7f80000,0x00000000d7f80000,0x00000000d8480000)
  to   space 5120K, 0% used [0x00000000da500000,0x00000000da500000,0x00000000daa00000)
 ParOldGen       total 86016K, used 30949K [0x0000000081c00000, 0x0000000087000000, 0x00000000d5f00000)
  object space 86016K, 35% used [0x0000000081c00000,0x0000000083a39780,0x0000000087000000)
 Metaspace       used 20074K, capacity 21132K, committed 21296K, reserved 1067008K
  class space    used 2947K, capacity 3183K, committed 3200K, reserved 1048576K
}
Event: 5.633 GC heap before
{Heap before GC invocations=5 (full 1):
 PSYoungGen      total 38400K, used 33280K [0x00000000d5f00000, 0x00000000daa00000, 0x0000000100000000)
  eden space 33280K, 100% used [0x00000000d5f00000,0x00000000d7f80000,0x00000000d7f80000)
  from space 5120K, 0% used [0x00000000d7f80000,0x00000000d7f80000,0x00000000d8480000)
  to   space 5120K, 0% used [0x00000000da500000,0x00000000da500000,0x00000000daa00000)
 ParOldGen       total 86016K, used 30949K [0x0000000081c00000, 0x0000000087000000, 0x00000000d5f00000)
  object space 86016K, 35% used [0x0000000081c00000,0x0000000083a39780,0x0000000087000000)
 Metaspace       used 21249K, capacity 22290K, committed 22528K, reserved 1069056K
  class space    used 3067K, capacity 3312K, committed 3328K, reserved 1048576K
Event: 5.635 GC heap after
Heap after GC invocations=5 (full 1):
 PSYoungGen      total 55296K, used 603K [0x00000000d5f00000, 0x00000000da600000, 0x0000000100000000)
  eden space 54272K, 0% used [0x00000000d5f00000,0x00000000d5f00000,0x00000000d9400000)
  from space 1024K, 58% used [0x00000000da500000,0x00000000da596f20,0x00000000da600000)
  to   space 5120K, 0% used [0x00000000d9c00000,0x00000000d9c00000,0x00000000da100000)
 ParOldGen       total 86016K, used 30957K [0x0000000081c00000, 0x0000000087000000, 0x00000000d5f00000)
  object space 86016K, 35% used [0x0000000081c00000,0x0000000083a3b780,0x0000000087000000)
 Metaspace       used 21249K, capacity 22290K, committed 22528K, reserved 1069056K
  class space    used 3067K, capacity 3312K, committed 3328K, reserved 1048576K
}
Event: 8.141 GC heap before
{Heap before GC invocations=6 (full 1):
 PSYoungGen      total 55296K, used 54642K [0x00000000d5f00000, 0x00000000da600000, 0x0000000100000000)
  eden space 54272K, 99% used [0x00000000d5f00000,0x00000000d93c5ca0,0x00000000d9400000)
  from space 1024K, 58% used [0x00000000da500000,0x00000000da596f20,0x00000000da600000)
  to   space 5120K, 0% used [0x00000000d9c00000,0x00000000d9c00000,0x00000000da100000)
 ParOldGen       total 86016K, used 30957K [0x0000000081c00000, 0x0000000087000000, 0x00000000d5f00000)
  object space 86016K, 35% used [0x0000000081c00000,0x0000000083a3b780,0x0000000087000000)
 Metaspace       used 26237K, capacity 27246K, committed 27392K, reserved 1073152K
  class space    used 3535K, capacity 3766K, committed 3840K, reserved 1048576K
Event: 8.146 GC heap after
Heap after GC invocations=6 (full 1):
 PSYoungGen      total 67584K, used 5112K [0x00000000d5f00000, 0x00000000dcd80000, 0x0000000100000000)
  eden space 62464K, 0% used [0x00000000d5f00000,0x00000000d5f00000,0x00000000d9c00000)
  from space 5120K, 99% used [0x00000000d9c00000,0x00000000da0fe080,0x00000000da100000)
  to   space 13824K, 0% used [0x00000000dc000000,0x00000000dc000000,0x00000000dcd80000)
 ParOldGen       total 86016K, used 32518K [0x0000000081c00000, 0x0000000087000000, 0x00000000d5f00000)
  object space 86016K, 37% used [0x0000000081c00000,0x0000000083bc1a10,0x0000000087000000)
 Metaspace       used 26237K, capacity 27246K, committed 27392K, reserved 1073152K
  class space    used 3535K, capacity 3766K, committed 3840K, reserved 1048576K
}
Event: 9.612 GC heap before
{Heap before GC invocations=7 (full 1):
 PSYoungGen      total 67584K, used 66983K [0x00000000d5f00000, 0x00000000dcd80000, 0x0000000100000000)
  eden space 62464K, 99% used [0x00000000d5f00000,0x00000000d9b6bb90,0x00000000d9c00000)
  from space 5120K, 99% used [0x00000000d9c00000,0x00000000da0fe080,0x00000000da100000)
  to   space 13824K, 0% used [0x00000000dc000000,0x00000000dc000000,0x00000000dcd80000)
 ParOldGen       total 86016K, used 32518K [0x0000000081c00000, 0x0000000087000000, 0x00000000d5f00000)
  object space 86016K, 37% used [0x0000000081c00000,0x0000000083bc1a10,0x0000000087000000)
 Metaspace       used 26475K, capacity 27462K, committed 27648K, reserved 1073152K
  class space    used 3537K, capacity 3770K, committed 3840K, reserved 1048576K
Event: 9.618 GC heap after
Heap after GC invocations=7 (full 1):
 PSYoungGen      total 99328K, used 8388K [0x00000000d5f00000, 0x00000000dd700000, 0x0000000100000000)
  eden space 85504K, 0% used [0x00000000d5f00000,0x00000000d5f00000,0x00000000db280000)
  from space 13824K, 60% used [0x00000000dc000000,0x00000000dc8310a0,0x00000000dcd80000)
  to   space 13824K, 0% used [0x00000000db280000,0x00000000db280000,0x00000000dc000000)
 ParOldGen       total 86016K, used 32526K [0x0000000081c00000, 0x0000000087000000, 0x00000000d5f00000)
  object space 86016K, 37% used [0x0000000081c00000,0x0000000083bc3a10,0x0000000087000000)
 Metaspace       used 26475K, capacity 27462K, committed 27648K, reserved 1073152K
  class space    used 3537K, capacity 3770K, committed 3840K, reserved 1048576K
}

Deoptimization events (10 events):
Event: 7.710 Thread 0x000000001cde9000 Uncommon trap: reason=unstable_if action=reinterpret pc=0x000000000342df88 method=com.sun.javafx.image.impl.IntTo4ByteSameConverter.doConvert([III[BIIII)V @ 29
Event: 9.618 Thread 0x0000000019036000 Uncommon trap: reason=unstable_if action=reinterpret pc=0x0000000002d503a0 method=java.util.Hashtable.remove(Ljava/lang/Object;)Ljava/lang/Object; @ 66
Event: 10.400 Thread 0x0000000019756800 Uncommon trap: reason=array_check action=maybe_recompile pc=0x00000000031629ac method=com.sun.javafx.css.SimpleSelector.applies(Ljavafx/css/Styleable;[Ljava/util/Set;I)Z @ 37
Event: 10.428 Thread 0x0000000019756800 Uncommon trap: reason=array_check action=maybe_recompile pc=0x00000000031629ac method=com.sun.javafx.css.SimpleSelector.applies(Ljavafx/css/Styleable;[Ljava/util/Set;I)Z @ 37
Event: 10.452 Thread 0x0000000019756800 Uncommon trap: reason=array_check action=maybe_recompile pc=0x00000000031629ac method=com.sun.javafx.css.SimpleSelector.applies(Ljavafx/css/Styleable;[Ljava/util/Set;I)Z @ 37
Event: 10.468 Thread 0x0000000019756800 Uncommon trap: reason=array_check action=maybe_recompile pc=0x00000000031629ac method=com.sun.javafx.css.SimpleSelector.applies(Ljavafx/css/Styleable;[Ljava/util/Set;I)Z @ 37
Event: 10.473 Thread 0x0000000019756800 Uncommon trap: reason=array_check action=maybe_recompile pc=0x0000000003158f4c method=com.sun.javafx.css.SimpleSelector.applies(Ljavafx/css/Styleable;[Ljava/util/Set;I)Z @ 37
Event: 10.516 Thread 0x0000000019756800 Uncommon trap: reason=unstable_if action=reinterpret pc=0x0000000002ec34e4 method=java.lang.StrictMath.floorOrCeil(DDDD)D @ 14
Event: 10.517 Thread 0x0000000019756800 Uncommon trap: reason=unstable_if action=reinterpret pc=0x0000000002cf2dec method=javafx.scene.Node.updateBounds()V @ 27
Event: 10.518 Thread 0x0000000019756800 Uncommon trap: reason=unstable_if action=reinterpret pc=0x0000000003086b90 method=javafx.scene.Node.updateBounds()V @ 27

Classes redefined (0 events):
No events

Internal exceptions (10 events):
Event: 5.803 Thread 0x0000000019756800 Exception <a 'java/security/PrivilegedActionException'> (0x00000000d64f7000) thrown at [C:\jenkins\workspace\8-2-build-windows-amd64-cygwin\jdk8u251\737\hotspot\src\share\vm\prims\jvm.cpp, line 1502]
Event: 5.803 Thread 0x0000000019756800 Exception <a 'java/security/PrivilegedActionException'> (0x00000000d64f75e0) thrown at [C:\jenkins\workspace\8-2-build-windows-amd64-cygwin\jdk8u251\737\hotspot\src\share\vm\prims\jvm.cpp, line 1502]
Event: 5.805 Thread 0x0000000019756800 Exception <a 'java/security/PrivilegedActionException'> (0x00000000d6510728) thrown at [C:\jenkins\workspace\8-2-build-windows-amd64-cygwin\jdk8u251\737\hotspot\src\share\vm\prims\jvm.cpp, line 1502]
Event: 5.805 Thread 0x0000000019756800 Exception <a 'java/security/PrivilegedActionException'> (0x00000000d6510d08) thrown at [C:\jenkins\workspace\8-2-build-windows-amd64-cygwin\jdk8u251\737\hotspot\src\share\vm\prims\jvm.cpp, line 1502]
Event: 5.807 Thread 0x0000000019756800 Exception <a 'java/security/PrivilegedActionException'> (0x00000000d652a890) thrown at [C:\jenkins\workspace\8-2-build-windows-amd64-cygwin\jdk8u251\737\hotspot\src\share\vm\prims\jvm.cpp, line 1502]
Event: 5.807 Thread 0x0000000019756800 Exception <a 'java/security/PrivilegedActionException'> (0x00000000d652ae70) thrown at [C:\jenkins\workspace\8-2-build-windows-amd64-cygwin\jdk8u251\737\hotspot\src\share\vm\prims\jvm.cpp, line 1502]
Event: 6.152 Thread 0x0000000019756800 Exception <a 'java/lang/reflect/InvocationTargetException'> (0x00000000d6eedd08) thrown at [C:\jenkins\workspace\8-2-build-windows-amd64-cygwin\jdk8u251\737\hotspot\src\share\vm\runtime\reflection.cpp, line 1092]
Event: 6.152 Thread 0x0000000019756800 Exception <a 'java/lang/RuntimeException'> (0x00000000d6eee4f8) thrown at [C:\jenkins\workspace\8-2-build-windows-amd64-cygwin\jdk8u251\737\hotspot\src\share\vm\prims\jvm.cpp, line 1506]
Event: 7.320 Thread 0x000000001cde9000 Exception <a 'java/io/FileNotFoundException'> (0x00000000d76c9180) thrown at [C:\jenkins\workspace\8-2-build-windows-amd64-cygwin\jdk8u251\737\hotspot\src\share\vm\prims\jni.cpp, line 710]
Event: 7.400 Thread 0x000000001cde9000 Exception <a 'java/io/FileNotFoundException'> (0x00000000d76db118) thrown at [C:\jenkins\workspace\8-2-build-windows-amd64-cygwin\jdk8u251\737\hotspot\src\share\vm\prims\jni.cpp, line 710]

Events (10 events):
Event: 10.494 loading class com/sun/javafx/scene/control/skin/CellSkinBase$StyleableProperties$1 done
Event: 10.516 Thread 0x0000000019756800 Uncommon trap: trap_request=0xffffff65 fr.pc=0x0000000002ec34e4
Event: 10.516 Thread 0x0000000019756800 DEOPT PACKING pc=0x0000000002ec34e4 sp=0x000000001a48d120
Event: 10.516 Thread 0x0000000019756800 DEOPT UNPACKING pc=0x0000000002b8583b sp=0x000000001a48d060 mode 2
Event: 10.517 Thread 0x0000000019756800 Uncommon trap: trap_request=0xffffff65 fr.pc=0x0000000002cf2dec
Event: 10.517 Thread 0x0000000019756800 DEOPT PACKING pc=0x0000000002cf2dec sp=0x000000001a48d770
Event: 10.517 Thread 0x0000000019756800 DEOPT UNPACKING pc=0x0000000002b8583b sp=0x000000001a48d6c0 mode 2
Event: 10.518 Thread 0x0000000019756800 Uncommon trap: trap_request=0xffffff65 fr.pc=0x0000000003086b90
Event: 10.518 Thread 0x0000000019756800 DEOPT PACKING pc=0x0000000003086b90 sp=0x000000001a48d4b0
Event: 10.518 Thread 0x0000000019756800 DEOPT UNPACKING pc=0x0000000002b8583b sp=0x000000001a48d400 mode 2


Dynamic libraries:
0x00007ff71b1b0000 - 0x00007ff71b1e7000 	C:\Program Files\Java\jre1.8.0_251\bin\javaw.exe
0x00007ffe7b550000 - 0x00007ffe7b744000 	C:\Windows\SYSTEM32\ntdll.dll
0x00007ffe7aa90000 - 0x00007ffe7ab4d000 	C:\Windows\System32\KERNEL32.DLL
0x00007ffe790c0000 - 0x00007ffe79387000 	C:\Windows\System32\KERNELBASE.dll
0x00007ffe799b0000 - 0x00007ffe79a5a000 	C:\Windows\System32\ADVAPI32.dll
0x00007ffe79cd0000 - 0x00007ffe79d6e000 	C:\Windows\System32\msvcrt.dll
0x00007ffe79ad0000 - 0x00007ffe79b6b000 	C:\Windows\System32\sechost.dll
0x00007ffe79ba0000 - 0x00007ffe79cc3000 	C:\Windows\System32\RPCRT4.dll
0x00007ffe7a050000 - 0x00007ffe7a1f0000 	C:\Windows\System32\USER32.dll
0x00007ffe78ee0000 - 0x00007ffe78f02000 	C:\Windows\System32\win32u.dll
0x00007ffe7ac70000 - 0x00007ffe7ac9a000 	C:\Windows\System32\GDI32.dll
0x00007ffe78ca0000 - 0x00007ffe78daa000 	C:\Windows\System32\gdi32full.dll
0x00007ffe794f0000 - 0x00007ffe7958d000 	C:\Windows\System32\msvcp_win.dll
0x00007ffe78fc0000 - 0x00007ffe790c0000 	C:\Windows\System32\ucrtbase.dll
0x00007ffe66aa0000 - 0x00007ffe66d3a000 	C:\Windows\WinSxS\amd64_microsoft.windows.common-controls_6595b64144ccf1df_6.0.19041.1_none_b555e41d4684ddec\COMCTL32.dll
0x00007ffe79b70000 - 0x00007ffe79ba0000 	C:\Windows\System32\IMM32.DLL
0x00007ffe78a00000 - 0x00007ffe78a31000 	C:\Windows\system32\nvinitx.dll
0x00007ffe789f0000 - 0x00007ffe789fa000 	C:\Windows\SYSTEM32\VERSION.dll
0x0000000076580000 - 0x0000000076652000 	C:\Program Files\Java\jre1.8.0_251\bin\msvcr100.dll
0x0000000076c40000 - 0x00000000774eb000 	C:\Program Files\Java\jre1.8.0_251\bin\server\jvm.dll
0x00007ffe79f20000 - 0x00007ffe79f28000 	C:\Windows\System32\PSAPI.DLL
0x00007ffe3ab90000 - 0x00007ffe3ab99000 	C:\Windows\SYSTEM32\WSOCK32.dll
0x00007ffe79a60000 - 0x00007ffe79acb000 	C:\Windows\System32\WS2_32.dll
0x00007ffe6d2c0000 - 0x00007ffe6d2e7000 	C:\Windows\SYSTEM32\WINMM.dll
0x00007ffe35670000 - 0x00007ffe3567f000 	C:\Program Files\Java\jre1.8.0_251\bin\verify.dll
0x00007ffe28820000 - 0x00007ffe28849000 	C:\Program Files\Java\jre1.8.0_251\bin\java.dll
0x00007ffe28800000 - 0x00007ffe28816000 	C:\Program Files\Java\jre1.8.0_251\bin\zip.dll
0x00007ffe7aca0000 - 0x00007ffe7b3d5000 	C:\Windows\System32\SHELL32.dll
0x00007ffe76dc0000 - 0x00007ffe7754f000 	C:\Windows\SYSTEM32\windows.storage.dll
0x00007ffe79650000 - 0x00007ffe799a3000 	C:\Windows\System32\combase.dll
0x00007ffe78600000 - 0x00007ffe7862b000 	C:\Windows\SYSTEM32\Wldp.dll
0x00007ffe7a360000 - 0x00007ffe7a40e000 	C:\Windows\System32\SHCORE.dll
0x00007ffe7a2e0000 - 0x00007ffe7a335000 	C:\Windows\System32\shlwapi.dll
0x00007ffe78be0000 - 0x00007ffe78bff000 	C:\Windows\SYSTEM32\profapi.dll
0x00000000026e0000 - 0x00000000026e3000 	C:\Program Files\Java\jre1.8.0_251\bin\api-ms-win-core-console-l1-1-0.dll
0x00000000026f0000 - 0x00000000026f3000 	C:\Program Files\Java\jre1.8.0_251\bin\api-ms-win-core-datetime-l1-1-0.dll
0x0000000002700000 - 0x0000000002703000 	C:\Program Files\Java\jre1.8.0_251\bin\api-ms-win-core-debug-l1-1-0.dll
0x0000000002710000 - 0x0000000002713000 	C:\Program Files\Java\jre1.8.0_251\bin\api-ms-win-core-errorhandling-l1-1-0.dll
0x0000000002720000 - 0x0000000002724000 	C:\Program Files\Java\jre1.8.0_251\bin\api-ms-win-core-file-l1-1-0.dll
0x0000000002730000 - 0x0000000002733000 	C:\Program Files\Java\jre1.8.0_251\bin\api-ms-win-core-file-l1-2-0.dll
0x0000000002850000 - 0x0000000002853000 	C:\Program Files\Java\jre1.8.0_251\bin\api-ms-win-core-file-l2-1-0.dll
0x0000000002860000 - 0x0000000002863000 	C:\Program Files\Java\jre1.8.0_251\bin\api-ms-win-core-handle-l1-1-0.dll
0x0000000002870000 - 0x0000000002873000 	C:\Program Files\Java\jre1.8.0_251\bin\api-ms-win-core-heap-l1-1-0.dll
0x0000000002880000 - 0x0000000002883000 	C:\Program Files\Java\jre1.8.0_251\bin\api-ms-win-core-interlocked-l1-1-0.dll
0x0000000002890000 - 0x0000000002893000 	C:\Program Files\Java\jre1.8.0_251\bin\api-ms-win-core-libraryloader-l1-1-0.dll
0x00000000028a0000 - 0x00000000028a3000 	C:\Program Files\Java\jre1.8.0_251\bin\api-ms-win-core-localization-l1-2-0.dll
0x00000000028b0000 - 0x00000000028b3000 	C:\Program Files\Java\jre1.8.0_251\bin\api-ms-win-core-memory-l1-1-0.dll
0x00000000028c0000 - 0x00000000028c3000 	C:\Program Files\Java\jre1.8.0_251\bin\api-ms-win-core-namedpipe-l1-1-0.dll
0x00000000028d0000 - 0x00000000028d3000 	C:\Program Files\Java\jre1.8.0_251\bin\api-ms-win-core-processenvironment-l1-1-0.dll
0x00000000028e0000 - 0x00000000028e3000 	C:\Program Files\Java\jre1.8.0_251\bin\api-ms-win-core-processthreads-l1-1-0.dll
0x00000000028f0000 - 0x00000000028f3000 	C:\Program Files\Java\jre1.8.0_251\bin\api-ms-win-core-processthreads-l1-1-1.dll
0x0000000002900000 - 0x0000000002903000 	C:\Program Files\Java\jre1.8.0_251\bin\api-ms-win-core-profile-l1-1-0.dll
0x0000000002910000 - 0x0000000002913000 	C:\Program Files\Java\jre1.8.0_251\bin\api-ms-win-core-rtlsupport-l1-1-0.dll
0x0000000002920000 - 0x0000000002923000 	C:\Program Files\Java\jre1.8.0_251\bin\api-ms-win-core-string-l1-1-0.dll
0x00000000195e0000 - 0x00000000195e3000 	C:\Program Files\Java\jre1.8.0_251\bin\api-ms-win-core-synch-l1-1-0.dll
0x00000000195f0000 - 0x00000000195f3000 	C:\Program Files\Java\jre1.8.0_251\bin\api-ms-win-core-synch-l1-2-0.dll
0x0000000019600000 - 0x0000000019603000 	C:\Program Files\Java\jre1.8.0_251\bin\api-ms-win-core-sysinfo-l1-1-0.dll
0x0000000019610000 - 0x0000000019613000 	C:\Program Files\Java\jre1.8.0_251\bin\api-ms-win-core-timezone-l1-1-0.dll
0x0000000019620000 - 0x0000000019623000 	C:\Program Files\Java\jre1.8.0_251\bin\api-ms-win-core-util-l1-1-0.dll
0x0000000019630000 - 0x0000000019633000 	C:\Program Files\Java\jre1.8.0_251\bin\api-ms-win-crt-conio-l1-1-0.dll
0x0000000019640000 - 0x0000000019644000 	C:\Program Files\Java\jre1.8.0_251\bin\api-ms-win-crt-convert-l1-1-0.dll
0x0000000019650000 - 0x0000000019653000 	C:\Program Files\Java\jre1.8.0_251\bin\api-ms-win-crt-environment-l1-1-0.dll
0x0000000019660000 - 0x0000000019663000 	C:\Program Files\Java\jre1.8.0_251\bin\api-ms-win-crt-filesystem-l1-1-0.dll
0x0000000019670000 - 0x0000000019673000 	C:\Program Files\Java\jre1.8.0_251\bin\api-ms-win-crt-heap-l1-1-0.dll
0x0000000019680000 - 0x0000000019683000 	C:\Program Files\Java\jre1.8.0_251\bin\api-ms-win-crt-locale-l1-1-0.dll
0x0000000019690000 - 0x0000000019695000 	C:\Program Files\Java\jre1.8.0_251\bin\api-ms-win-crt-math-l1-1-0.dll
0x00000000196a0000 - 0x00000000196a5000 	C:\Program Files\Java\jre1.8.0_251\bin\api-ms-win-crt-multibyte-l1-1-0.dll
0x00000000196b0000 - 0x00000000196c0000 	C:\Program Files\Java\jre1.8.0_251\bin\api-ms-win-crt-private-l1-1-0.dll
0x00000000196c0000 - 0x00000000196c3000 	C:\Program Files\Java\jre1.8.0_251\bin\api-ms-win-crt-process-l1-1-0.dll
0x00000000196d0000 - 0x00000000196d4000 	C:\Program Files\Java\jre1.8.0_251\bin\api-ms-win-crt-runtime-l1-1-0.dll
0x00000000196e0000 - 0x00000000196e4000 	C:\Program Files\Java\jre1.8.0_251\bin\api-ms-win-crt-stdio-l1-1-0.dll
0x00000000196f0000 - 0x00000000196f4000 	C:\Program Files\Java\jre1.8.0_251\bin\api-ms-win-crt-string-l1-1-0.dll
0x0000000019700000 - 0x0000000019703000 	C:\Program Files\Java\jre1.8.0_251\bin\api-ms-win-crt-time-l1-1-0.dll
0x0000000019710000 - 0x0000000019713000 	C:\Program Files\Java\jre1.8.0_251\bin\api-ms-win-crt-utility-l1-1-0.dll
0x00007ffe6ab70000 - 0x00007ffe6ac6c000 	C:\Program Files\Java\jre1.8.0_251\bin\ucrtbase.dll
0x00007ffe73990000 - 0x00007ffe739a5000 	C:\Program Files\Java\jre1.8.0_251\bin\vcruntime140.dll
0x00007ffe28f80000 - 0x00007ffe2901b000 	C:\Program Files\Java\jre1.8.0_251\bin\msvcp140.dll
0x00007ffe28cc0000 - 0x00007ffe28d11000 	C:\Program Files\Java\jre1.8.0_251\bin\concrt140.dll
0x00007ffe6ab40000 - 0x00007ffe6ab63000 	C:\Program Files\Java\jre1.8.0_251\bin\prism_d3d.dll
0x00007ffe373e0000 - 0x00007ffe375ad000 	C:\Windows\system32\d3d9.dll
0x00007ffe77560000 - 0x00007ffe77573000 	C:\Windows\SYSTEM32\kernel.appcore.dll
0x00007ffe76910000 - 0x00007ffe7693e000 	C:\Windows\SYSTEM32\dwmapi.dll
0x00007ffe76380000 - 0x00007ffe7641f000 	C:\Windows\system32\uxtheme.dll
0x00007ffe367c0000 - 0x00007ffe373e0000 	C:\Windows\SYSTEM32\igdumd64.dll
0x00007ffe29110000 - 0x00007ffe29155000 	C:\Program Files\Java\jre1.8.0_251\bin\glass.dll
0x00007ffe7a200000 - 0x00007ffe7a2da000 	C:\Windows\System32\COMDLG32.dll
0x00007ffe79df0000 - 0x00007ffe79f19000 	C:\Windows\System32\ole32.dll
0x00007ffe7b440000 - 0x00007ffe7b50d000 	C:\Windows\System32\OLEAUT32.dll
0x00007ffe7ab50000 - 0x00007ffe7ac65000 	C:\Windows\System32\MSCTF.dll
0x00007ffe78e60000 - 0x00007ffe78edf000 	C:\Windows\System32\bcryptPrimitives.dll
0x00007ffe71b20000 - 0x00007ffe71b34000 	C:\Program Files\Java\jre1.8.0_251\bin\javafx_font.dll
0x00007ffe75db0000 - 0x00007ffe7602e000 	C:\Windows\SYSTEM32\dwrite.dll
0x00007ffe79fa0000 - 0x00007ffe7a048000 	C:\Windows\System32\clbcatq.dll
0x00007ffe58940000 - 0x00007ffe58af4000 	C:\Windows\SYSTEM32\WindowsCodecs.dll
0x00007ffe79590000 - 0x00007ffe795b7000 	C:\Windows\System32\bcrypt.dll
0x00007ffe4ddb0000 - 0x00007ffe4ddee000 	C:\Windows\system32\dataexchange.dll
0x00007ffe76440000 - 0x00007ffe766a3000 	C:\Windows\system32\d3d11.dll
0x00007ffe74b70000 - 0x00007ffe74d55000 	C:\Windows\system32\dcomp.dll
0x00007ffe776f0000 - 0x00007ffe777e3000 	C:\Windows\system32\dxgi.dll
0x00007ffe73d50000 - 0x00007ffe73f57000 	C:\Windows\system32\twinapi.appcore.dll
0x00007ffe654d0000 - 0x00007ffe65504000 	C:\Program Files\Common Files\Microsoft Shared\Ink\rtscom.dll
0x00007ffe59490000 - 0x00007ffe5958c000 	C:\Windows\SYSTEM32\textinputframework.dll
0x00007ffe74d60000 - 0x00007ffe750ba000 	C:\Windows\System32\CoreUIComponents.dll
0x00007ffe75450000 - 0x00007ffe75542000 	C:\Windows\System32\CoreMessaging.dll
0x00007ffe779c0000 - 0x00007ffe779f3000 	C:\Windows\SYSTEM32\ntmarta.dll
0x00007ffe745b0000 - 0x00007ffe74706000 	C:\Windows\SYSTEM32\wintypes.dll
0x00007ffe6fd90000 - 0x00007ffe6fda1000 	C:\Program Files\Java\jre1.8.0_251\bin\prism_common.dll
0x00007ffe757f0000 - 0x00007ffe75db0000 	C:\Windows\SYSTEM32\d2d1.dll
0x00007ffe557d0000 - 0x00007ffe55ec6000 	C:\Windows\SYSTEM32\D3D10Warp.dll
0x00007ffe58c20000 - 0x00007ffe58c5b000 	C:\Windows\SYSTEM32\dxcore.dll
0x00007ffe78f70000 - 0x00007ffe78fbd000 	C:\Windows\System32\cfgmgr32.dll
0x00007ffe26710000 - 0x00007ffe267ff000 	C:\Users\QUANGNHATDEPTRAI\.javacpp\cache\opencv-3.2.0-1.3-windows-x86_64.jar\org\bytedeco\javacpp\windows-x86_64\msvcr120.dll
0x00007ffe263d0000 - 0x00007ffe26476000 	C:\Users\QUANGNHATDEPTRAI\.javacpp\cache\opencv-3.2.0-1.3-windows-x86_64.jar\org\bytedeco\javacpp\windows-x86_64\msvcp120.dll
0x00007ffe200c0000 - 0x00007ffe20348000 	C:\Users\QUANGNHATDEPTRAI\.javacpp\cache\opencv-3.2.0-1.3-windows-x86_64.jar\org\bytedeco\javacpp\windows-x86_64\opencv_core320.dll
0x00007ffe1cfc0000 - 0x00007ffe1d322000 	C:\Users\QUANGNHATDEPTRAI\.javacpp\cache\opencv-3.2.0-1.3-windows-x86_64.jar\org\bytedeco\javacpp\windows-x86_64\opencv_imgproc320.dll
0x00007ffe1f4f0000 - 0x00007ffe1f73a000 	C:\Users\QUANGNHATDEPTRAI\.javacpp\cache\opencv-3.2.0-1.3-windows-x86_64.jar\org\bytedeco\javacpp\windows-x86_64\jniopencv_core.dll
0x00007ffe287e0000 - 0x00007ffe287fa000 	C:\Program Files\Java\jre1.8.0_251\bin\net.dll
0x00007ffe78380000 - 0x00007ffe783ea000 	C:\Windows\system32\mswsock.dll
0x00007ffe287c0000 - 0x00007ffe287d2000 	C:\Program Files\Java\jre1.8.0_251\bin\nio.dll
0x00007ffe26110000 - 0x00007ffe26200000 	C:\Users\QUANGNHATDEPTRAI\.javacpp\cache\opencv-3.2.0-1.3-windows-x86_64.jar\org\bytedeco\javacpp\windows-x86_64\jniopencv_imgproc.dll
0x00007ffe1ccf0000 - 0x00007ffe1cfba000 	C:\Users\QUANGNHATDEPTRAI\.javacpp\cache\opencv-3.2.0-1.3-windows-x86_64.jar\org\bytedeco\javacpp\windows-x86_64\opencv_imgcodecs320.dll
0x00007ffe40c00000 - 0x00007ffe40c25000 	C:\Users\QUANGNHATDEPTRAI\.javacpp\cache\opencv-3.2.0-1.3-windows-x86_64.jar\org\bytedeco\javacpp\windows-x86_64\jniopencv_imgcodecs.dll
0x00007ffe28c70000 - 0x00007ffe28cbe000 	C:\Users\QUANGNHATDEPTRAI\.javacpp\cache\opencv-3.2.0-1.3-windows-x86_64.jar\org\bytedeco\javacpp\windows-x86_64\opencv_videoio320.dll
0x00007ffe6de50000 - 0x00007ffe6de69000 	C:\Windows\SYSTEM32\AVICAP32.dll
0x00007ffe36640000 - 0x00007ffe36661000 	C:\Windows\SYSTEM32\AVIFIL32.dll
0x00007ffe3d5c0000 - 0x00007ffe3d5eb000 	C:\Windows\SYSTEM32\MSVFW32.dll
0x00007ffe28ee0000 - 0x00007ffe28efe000 	C:\Windows\SYSTEM32\MSACM32.dll
0x00007ffe4d160000 - 0x00007ffe4d186000 	C:\Windows\SYSTEM32\winmmbase.dll

VM Arguments:
jvm_args: -Djava.library.path=C:\Users\Administrator\Desktop\opencv\build\java\x64 -Dfile.encoding=Cp1252 
java_command: application.Main
java_class_path (initial): D:\Project AI\Project-AI\Project-AI\ExoVisix-master\ExoVisix-master\ExoVisix-master\target\classes;C:\Users\QUANGNHATDEPTRAI\.p2\pool\plugins\org.eclipse.fx.ide.css.jfx8_3.0.0.201705220750.jar;D:\Project AI\Project-AI\Project-AI\ExoVisix-master\ExoVisix-master\ExoVisix-master\bin\opencv-341.jar;C:\Users\QUANGNHATDEPTRAI\.m2\repository\org\bytedeco\javacv-platform\1.3.2\javacv-platform-1.3.2.jar;C:\Users\QUANGNHATDEPTRAI\.m2\repository\org\bytedeco\javacv\1.3.2\javacv-1.3.2.jar;C:\Users\QUANGNHATDEPTRAI\.m2\repository\org\bytedeco\javacpp\1.3.2\javacpp-1.3.2.jar;C:\Users\QUANGNHATDEPTRAI\.m2\repository\org\bytedeco\javacpp-presets\opencv\3.2.0-1.3\opencv-3.2.0-1.3.jar;C:\Users\QUANGNHATDEPTRAI\.m2\repository\org\bytedeco\javacpp-presets\ffmpeg\3.2.1-1.3\ffmpeg-3.2.1-1.3.jar;C:\Users\QUANGNHATDEPTRAI\.m2\repository\org\bytedeco\javacpp-presets\flycapture\2.9.3.43-1.3\flycapture-2.9.3.43-1.3.jar;C:\Users\QUANGNHATDEPTRAI\.m2\repository\org\bytedeco\javacpp-presets\libdc1394\2.2.4-1.3\libdc1394-2.2.4-1.3.jar;C:\Users\QUANGNHATDEPTRAI\.m2\repository\org\bytedeco\javacpp-presets\libfreenect\0.5.3-1.3\libfreenect-0.5.3-1.3.jar;C:\Users\QUANGNHATDEPTRAI\.m2\repository\org\bytedeco\javacpp-presets\libfreenect2\0.2.0-1.3\libfreenect2-0.2.0-1.3.jar;C:\Users\QUANGNHATDEPTRAI\.m2\repository\org\bytedeco\javacpp-presets\librealsense\1.9.6-1.3\librealsense-1.9.6-1.3.jar;C:\Users\QUANGNHATDEPTRAI\.m2\repository\org\bytedeco\javacpp-presets\videoinput\0.200-1.3\videoinput-0.200-1.3.jar;C:\Users\QUANGNHATDEPTRAI\.m2\repository\org\bytedeco\javacpp-presets\artoolkitplus\2.3.1-1.3\artoolkitplus-2.3.1-1.3.jar;C:\Users\QUANGNHATDEPTRAI\.m2\repository\org\bytedeco\javacpp-presets\flandmark\1.07-1.3\flandmark-1.07-1.3.jar;C:\Users\QUANGNHATDEPTRAI\.m2\repository\org\bytedeco\javacpp-presets\opencv-platform\3.2.0-1.3\opencv-platform-3.2.0-1.3.jar;C:\Users\QUANGNHATDEPTRAI\.m2\repository\org\bytedeco\javacpp-presets\opencv\3.2.0-1.3\opencv-3.2.0-1.3-android-arm.j
Launcher Type: SUN_STANDARD

Environment Variables:
PATH=C:/Program Files/Java/jre1.8.0_251/bin/server;C:/Program Files/Java/jre1.8.0_251/bin;C:/Program Files/Java/jre1.8.0_251/lib/amd64;C:\Program Files (x86)\Common Files\Oracle\Java\javapath;C:\Windows\system32;C:\Windows;C:\Windows\System32\Wbem;C:\Windows\System32\WindowsPowerShell\v1.0\;C:\Windows\System32\OpenSSH\;C:\Program Files\Git\cmd;C:\Program Files\Microsoft SQL Server\Client SDK\ODBC\110\Tools\Binn\;C:\Program Files (x86)\Microsoft SQL Server\120\Tools\Binn\;C:\Program Files\Microsoft SQL Server\120\Tools\Binn\;C:\Program Files\Microsoft SQL Server\120\DTS\Binn\;C:\Program Files (x86)\Microsoft SQL Server\120\Tools\Binn\ManagementStudio\;C:\Program Files (x86)\Microsoft SQL Server\120\DTS\Binn\;C:\Program Files\Microsoft SQL Server\130\Tools\Binn\;C:\Program Files\Microsoft SQL Server\Client SDK\ODBC\170\Tools\Binn\;C:\Program Files\dotnet\;C:\Users\QUANGNHATDEPTRAI\AppData\Local\Microsoft\WindowsApps;C:\Program Files\JetBrains\JetBrains Rider 2020.1.3\bin;;C:\Users\QUANGNHATDEPTRAI\AppData\Local\GitHubDesktop\bin;C:\Users\QUANGNHATDEPTRAI\.dotnet\tools;C:\Users\QUANGNHATDEPTRAI\Desktop;
USERNAME=QUANGNHATDEPTRAI
OS=Windows_NT
PROCESSOR_IDENTIFIER=Intel64 Family 6 Model 42 Stepping 7, GenuineIntel



---------------  S Y S T E M  ---------------

OS: Windows 10.0 , 64 bit Build 19041 (10.0.19041.292)

CPU:total 4 (initial active 4) (2 cores per cpu, 2 threads per core) family 6 model 42 stepping 7, cmov, cx8, fxsr, mmx, sse, sse2, sse3, ssse3, sse4.1, sse4.2, popcnt, avx, aes, clmul, ht, tsc, tscinvbit

Memory: 4k page, physical 8266764k(4538148k free), swap 10626060k(6387600k free)

vm_info: Java HotSpot(TM) 64-Bit Server VM (25.251-b08) for windows-amd64 JRE (1.8.0_251-b08), built on Mar 12 2020 06:31:49 by "" with MS VC++ 10.0 (VS2010)

time: Sat Jul 25 16:57:43 2020
timezone: SE Asia Standard Time
elapsed time: 10 seconds (0d 0h 0m 10s)

